<testsuites id="" name="" tests="385" failures="101" skipped="283" errors="0" time="149.610217">
<testsuite name="00-simple-test.spec.ts" timestamp="2025-06-30T19:50:57.388Z" hostname="chromium" tests="2" failures="2" skipped="0" time="0.142" errors="0">
<testcase name="Simple Smoke Tests › frontend is accessible" classname="00-simple-test.spec.ts" time="0.077">
<failure message="00-simple-test.spec.ts:4:7 frontend is accessible" type="FAILURE">
<![CDATA[  [chromium] › 00-simple-test.spec.ts:4:7 › Simple Smoke Tests › frontend is accessible ────────────

    Error: browserType.launch: 
    ╔══════════════════════════════════════════════════════╗
    ║ Host system is missing dependencies to run browsers. ║
    ║ Please install them with the following command:      ║
    ║                                                      ║
    ║     sudo npx playwright install-deps                 ║
    ║                                                      ║
    ║ Alternatively, use apt:                              ║
    ║     sudo apt-get install libnss3\                    ║
    ║         libnspr4                                     ║
    ║                                                      ║
    ║ <3 Playwright Team                                   ║
    ╚══════════════════════════════════════════════════════╝

    Error Context: ../../test-results/00-simple-test-Simple-Smoke-Tests-frontend-is-accessible-chromium/error-context.md
]]>
</failure>
<system-out>
<![CDATA[
[[ATTACHMENT|../../test-results/00-simple-test-Simple-Smoke-Tests-frontend-is-accessible-chromium/error-context.md]]
]]>
</system-out>
</testcase>
<testcase name="Simple Smoke Tests › login page loads" classname="00-simple-test.spec.ts" time="0.065">
<failure message="00-simple-test.spec.ts:16:7 login page loads" type="FAILURE">
<![CDATA[  [chromium] › 00-simple-test.spec.ts:16:7 › Simple Smoke Tests › login page loads ─────────────────

    Error: browserType.launch: 
    ╔══════════════════════════════════════════════════════╗
    ║ Host system is missing dependencies to run browsers. ║
    ║ Please install them with the following command:      ║
    ║                                                      ║
    ║     sudo npx playwright install-deps                 ║
    ║                                                      ║
    ║ Alternatively, use apt:                              ║
    ║     sudo apt-get install libnss3\                    ║
    ║         libnspr4                                     ║
    ║                                                      ║
    ║ <3 Playwright Team                                   ║
    ╚══════════════════════════════════════════════════════╝

    Error Context: ../../test-results/00-simple-test-Simple-Smoke-Tests-login-page-loads-chromium/error-context.md
]]>
</failure>
<system-out>
<![CDATA[
[[ATTACHMENT|../../test-results/00-simple-test-Simple-Smoke-Tests-login-page-loads-chromium/error-context.md]]
]]>
</system-out>
</testcase>
</testsuite>
<testsuite name="01-user-journeys.spec.ts" timestamp="2025-06-30T19:50:57.388Z" hostname="chromium" tests="6" failures="6" skipped="0" time="0.385" errors="0">
<testcase name="Multi-Role User Journeys › Super Admin Journey › complete super admin workflow" classname="01-user-journeys.spec.ts" time="0.054">
<failure message="01-user-journeys.spec.ts:19:9 complete super admin workflow" type="FAILURE">
<![CDATA[  [chromium] › 01-user-journeys.spec.ts:19:9 › Multi-Role User Journeys › Super Admin Journey › complete super admin workflow 

    Error: browserType.launch: 
    ╔══════════════════════════════════════════════════════╗
    ║ Host system is missing dependencies to run browsers. ║
    ║ Please install them with the following command:      ║
    ║                                                      ║
    ║     sudo npx playwright install-deps                 ║
    ║                                                      ║
    ║ Alternatively, use apt:                              ║
    ║     sudo apt-get install libnss3\                    ║
    ║         libnspr4                                     ║
    ║                                                      ║
    ║ <3 Playwright Team                                   ║
    ╚══════════════════════════════════════════════════════╝

    Error Context: ../../test-results/01-user-journeys-Multi-Rol-e0c01-mplete-super-admin-workflow-chromium/error-context.md
]]>
</failure>
<system-out>
<![CDATA[
[[ATTACHMENT|../../test-results/01-user-journeys-Multi-Rol-e0c01-mplete-super-admin-workflow-chromium/error-context.md]]
]]>
</system-out>
</testcase>
<testcase name="Multi-Role User Journeys › Company Admin Journey › complete company admin workflow" classname="01-user-journeys.spec.ts" time="0.06">
<failure message="01-user-journeys.spec.ts:63:9 complete company admin workflow" type="FAILURE">
<![CDATA[  [chromium] › 01-user-journeys.spec.ts:63:9 › Multi-Role User Journeys › Company Admin Journey › complete company admin workflow 

    Error: browserType.launch: 
    ╔══════════════════════════════════════════════════════╗
    ║ Host system is missing dependencies to run browsers. ║
    ║ Please install them with the following command:      ║
    ║                                                      ║
    ║     sudo npx playwright install-deps                 ║
    ║                                                      ║
    ║ Alternatively, use apt:                              ║
    ║     sudo apt-get install libnss3\                    ║
    ║         libnspr4                                     ║
    ║                                                      ║
    ║ <3 Playwright Team                                   ║
    ╚══════════════════════════════════════════════════════╝

    Error Context: ../../test-results/01-user-journeys-Multi-Rol-01994-lete-company-admin-workflow-chromium/error-context.md
]]>
</failure>
<system-out>
<![CDATA[
[[ATTACHMENT|../../test-results/01-user-journeys-Multi-Rol-01994-lete-company-admin-workflow-chromium/error-context.md]]
]]>
</system-out>
</testcase>
<testcase name="Multi-Role User Journeys › Manager Journey › complete manager workflow" classname="01-user-journeys.spec.ts" time="0.072">
<failure message="01-user-journeys.spec.ts:109:9 complete manager workflow" type="FAILURE">
<![CDATA[  [chromium] › 01-user-journeys.spec.ts:109:9 › Multi-Role User Journeys › Manager Journey › complete manager workflow 

    Error: browserType.launch: 
    ╔══════════════════════════════════════════════════════╗
    ║ Host system is missing dependencies to run browsers. ║
    ║ Please install them with the following command:      ║
    ║                                                      ║
    ║     sudo npx playwright install-deps                 ║
    ║                                                      ║
    ║ Alternatively, use apt:                              ║
    ║     sudo apt-get install libnss3\                    ║
    ║         libnspr4                                     ║
    ║                                                      ║
    ║ <3 Playwright Team                                   ║
    ╚══════════════════════════════════════════════════════╝

    Error Context: ../../test-results/01-user-journeys-Multi-Rol-0d65d-y-complete-manager-workflow-chromium/error-context.md
]]>
</failure>
<system-out>
<![CDATA[
[[ATTACHMENT|../../test-results/01-user-journeys-Multi-Rol-0d65d-y-complete-manager-workflow-chromium/error-context.md]]
]]>
</system-out>
</testcase>
<testcase name="Multi-Role User Journeys › Staff Journey › complete staff workflow" classname="01-user-journeys.spec.ts" time="0.078">
<failure message="01-user-journeys.spec.ts:148:9 complete staff workflow" type="FAILURE">
<![CDATA[  [chromium] › 01-user-journeys.spec.ts:148:9 › Multi-Role User Journeys › Staff Journey › complete staff workflow 

    Error: browserType.launch: 
    ╔══════════════════════════════════════════════════════╗
    ║ Host system is missing dependencies to run browsers. ║
    ║ Please install them with the following command:      ║
    ║                                                      ║
    ║     sudo npx playwright install-deps                 ║
    ║                                                      ║
    ║ Alternatively, use apt:                              ║
    ║     sudo apt-get install libnss3\                    ║
    ║         libnspr4                                     ║
    ║                                                      ║
    ║ <3 Playwright Team                                   ║
    ╚══════════════════════════════════════════════════════╝

    Error Context: ../../test-results/01-user-journeys-Multi-Rol-b73c1-ney-complete-staff-workflow-chromium/error-context.md
]]>
</failure>
<system-out>
<![CDATA[
[[ATTACHMENT|../../test-results/01-user-journeys-Multi-Rol-b73c1-ney-complete-staff-workflow-chromium/error-context.md]]
]]>
</system-out>
</testcase>
<testcase name="Multi-Role User Journeys › Applicant Journey › complete applicant workflow" classname="01-user-journeys.spec.ts" time="0.065">
<failure message="01-user-journeys.spec.ts:193:9 complete applicant workflow" type="FAILURE">
<![CDATA[  [chromium] › 01-user-journeys.spec.ts:193:9 › Multi-Role User Journeys › Applicant Journey › complete applicant workflow 

    Error: browserType.launch: 
    ╔══════════════════════════════════════════════════════╗
    ║ Host system is missing dependencies to run browsers. ║
    ║ Please install them with the following command:      ║
    ║                                                      ║
    ║     sudo npx playwright install-deps                 ║
    ║                                                      ║
    ║ Alternatively, use apt:                              ║
    ║     sudo apt-get install libnss3\                    ║
    ║         libnspr4                                     ║
    ║                                                      ║
    ║ <3 Playwright Team                                   ║
    ╚══════════════════════════════════════════════════════╝

    Error Context: ../../test-results/01-user-journeys-Multi-Rol-743ef-complete-applicant-workflow-chromium/error-context.md
]]>
</failure>
<system-out>
<![CDATA[
[[ATTACHMENT|../../test-results/01-user-journeys-Multi-Rol-743ef-complete-applicant-workflow-chromium/error-context.md]]
]]>
</system-out>
</testcase>
<testcase name="Multi-Role User Journeys › cross-role collaboration workflow" classname="01-user-journeys.spec.ts" time="0.056">
<failure message="01-user-journeys.spec.ts:262:7 cross-role collaboration workflow" type="FAILURE">
<![CDATA[  [chromium] › 01-user-journeys.spec.ts:262:7 › Multi-Role User Journeys › cross-role collaboration workflow 

    Error: browserType.launch: 
    ╔══════════════════════════════════════════════════════╗
    ║ Host system is missing dependencies to run browsers. ║
    ║ Please install them with the following command:      ║
    ║                                                      ║
    ║     sudo npx playwright install-deps                 ║
    ║                                                      ║
    ║ Alternatively, use apt:                              ║
    ║     sudo apt-get install libnss3\                    ║
    ║         libnspr4                                     ║
    ║                                                      ║
    ║ <3 Playwright Team                                   ║
    ╚══════════════════════════════════════════════════════╝

    Error Context: ../../test-results/01-user-journeys-Multi-Rol-57c31-role-collaboration-workflow-chromium/error-context.md
]]>
</failure>
<system-out>
<![CDATA[
[[ATTACHMENT|../../test-results/01-user-journeys-Multi-Rol-57c31-role-collaboration-workflow-chromium/error-context.md]]
]]>
</system-out>
</testcase>
</testsuite>
<testsuite name="02-core-features.spec.ts" timestamp="2025-06-30T19:50:57.388Z" hostname="chromium" tests="13" failures="13" skipped="0" time="0.907" errors="0">
<testcase name="Core Feature Workflows › Authentication Flow › complete registration with email verification" classname="02-core-features.spec.ts" time="0.063">
<failure message="02-core-features.spec.ts:22:9 complete registration with email verification" type="FAILURE">
<![CDATA[  [chromium] › 02-core-features.spec.ts:22:9 › Core Feature Workflows › Authentication Flow › complete registration with email verification 

    Error: browserType.launch: 
    ╔══════════════════════════════════════════════════════╗
    ║ Host system is missing dependencies to run browsers. ║
    ║ Please install them with the following command:      ║
    ║                                                      ║
    ║     sudo npx playwright install-deps                 ║
    ║                                                      ║
    ║ Alternatively, use apt:                              ║
    ║     sudo apt-get install libnss3\                    ║
    ║         libnspr4                                     ║
    ║                                                      ║
    ║ <3 Playwright Team                                   ║
    ╚══════════════════════════════════════════════════════╝

    Error Context: ../../test-results/02-core-features-Core-Feat-f70a0-ion-with-email-verification-chromium/error-context.md
]]>
</failure>
<system-out>
<![CDATA[
[[ATTACHMENT|../../test-results/02-core-features-Core-Feat-f70a0-ion-with-email-verification-chromium/error-context.md]]
]]>
</system-out>
</testcase>
<testcase name="Core Feature Workflows › Authentication Flow › password reset flow" classname="02-core-features.spec.ts" time="0.091">
<failure message="02-core-features.spec.ts:57:9 password reset flow" type="FAILURE">
<![CDATA[  [chromium] › 02-core-features.spec.ts:57:9 › Core Feature Workflows › Authentication Flow › password reset flow 

    Error: browserType.launch: 
    ╔══════════════════════════════════════════════════════╗
    ║ Host system is missing dependencies to run browsers. ║
    ║ Please install them with the following command:      ║
    ║                                                      ║
    ║     sudo npx playwright install-deps                 ║
    ║                                                      ║
    ║ Alternatively, use apt:                              ║
    ║     sudo apt-get install libnss3\                    ║
    ║         libnspr4                                     ║
    ║                                                      ║
    ║ <3 Playwright Team                                   ║
    ╚══════════════════════════════════════════════════════╝

    Error Context: ../../test-results/02-core-features-Core-Feat-8e742-on-Flow-password-reset-flow-chromium/error-context.md
]]>
</failure>
<system-out>
<![CDATA[
[[ATTACHMENT|../../test-results/02-core-features-Core-Feat-8e742-on-Flow-password-reset-flow-chromium/error-context.md]]
]]>
</system-out>
</testcase>
<testcase name="Core Feature Workflows › Authentication Flow › session management and timeout" classname="02-core-features.spec.ts" time="0.063">
<failure message="02-core-features.spec.ts:82:9 session management and timeout" type="FAILURE">
<![CDATA[  [chromium] › 02-core-features.spec.ts:82:9 › Core Feature Workflows › Authentication Flow › session management and timeout 

    Error: browserType.launch: 
    ╔══════════════════════════════════════════════════════╗
    ║ Host system is missing dependencies to run browsers. ║
    ║ Please install them with the following command:      ║
    ║                                                      ║
    ║     sudo npx playwright install-deps                 ║
    ║                                                      ║
    ║ Alternatively, use apt:                              ║
    ║     sudo apt-get install libnss3\                    ║
    ║         libnspr4                                     ║
    ║                                                      ║
    ║ <3 Playwright Team                                   ║
    ╚══════════════════════════════════════════════════════╝

    Error Context: ../../test-results/02-core-features-Core-Feat-726a3-sion-management-and-timeout-chromium/error-context.md
]]>
</failure>
<system-out>
<![CDATA[
[[ATTACHMENT|../../test-results/02-core-features-Core-Feat-726a3-sion-management-and-timeout-chromium/error-context.md]]
]]>
</system-out>
</testcase>
<testcase name="Core Feature Workflows › Applicant Management › complete CRUD operations" classname="02-core-features.spec.ts" time="0.058">
<failure message="02-core-features.spec.ts:107:9 complete CRUD operations" type="FAILURE">
<![CDATA[  [chromium] › 02-core-features.spec.ts:107:9 › Core Feature Workflows › Applicant Management › complete CRUD operations 

    Error: browserType.launch: 
    ╔══════════════════════════════════════════════════════╗
    ║ Host system is missing dependencies to run browsers. ║
    ║ Please install them with the following command:      ║
    ║                                                      ║
    ║     sudo npx playwright install-deps                 ║
    ║                                                      ║
    ║ Alternatively, use apt:                              ║
    ║     sudo apt-get install libnss3\                    ║
    ║         libnspr4                                     ║
    ║                                                      ║
    ║ <3 Playwright Team                                   ║
    ╚══════════════════════════════════════════════════════╝

    Error Context: ../../test-results/02-core-features-Core-Feat-3b43f-nt-complete-CRUD-operations-chromium/error-context.md
]]>
</failure>
<system-out>
<![CDATA[
[[ATTACHMENT|../../test-results/02-core-features-Core-Feat-3b43f-nt-complete-CRUD-operations-chromium/error-context.md]]
]]>
</system-out>
</testcase>
<testcase name="Core Feature Workflows › Applicant Management › search and filter functionality" classname="02-core-features.spec.ts" time="0.06">
<failure message="02-core-features.spec.ts:143:9 search and filter functionality" type="FAILURE">
<![CDATA[  [chromium] › 02-core-features.spec.ts:143:9 › Core Feature Workflows › Applicant Management › search and filter functionality 

    Error: browserType.launch: 
    ╔══════════════════════════════════════════════════════╗
    ║ Host system is missing dependencies to run browsers. ║
    ║ Please install them with the following command:      ║
    ║                                                      ║
    ║     sudo npx playwright install-deps                 ║
    ║                                                      ║
    ║ Alternatively, use apt:                              ║
    ║     sudo apt-get install libnss3\                    ║
    ║         libnspr4                                     ║
    ║                                                      ║
    ║ <3 Playwright Team                                   ║
    ╚══════════════════════════════════════════════════════╝

    Error Context: ../../test-results/02-core-features-Core-Feat-3a5b6-ch-and-filter-functionality-chromium/error-context.md
]]>
</failure>
<system-out>
<![CDATA[
[[ATTACHMENT|../../test-results/02-core-features-Core-Feat-3a5b6-ch-and-filter-functionality-chromium/error-context.md]]
]]>
</system-out>
</testcase>
<testcase name="Core Feature Workflows › Applicant Management › bulk operations" classname="02-core-features.spec.ts" time="0.078">
<failure message="02-core-features.spec.ts:173:9 bulk operations" type="FAILURE">
<![CDATA[  [chromium] › 02-core-features.spec.ts:173:9 › Core Feature Workflows › Applicant Management › bulk operations 

    Error: browserType.launch: 
    ╔══════════════════════════════════════════════════════╗
    ║ Host system is missing dependencies to run browsers. ║
    ║ Please install them with the following command:      ║
    ║                                                      ║
    ║     sudo npx playwright install-deps                 ║
    ║                                                      ║
    ║ Alternatively, use apt:                              ║
    ║     sudo apt-get install libnss3\                    ║
    ║         libnspr4                                     ║
    ║                                                      ║
    ║ <3 Playwright Team                                   ║
    ╚══════════════════════════════════════════════════════╝

    Error Context: ../../test-results/02-core-features-Core-Feat-cd951--Management-bulk-operations-chromium/error-context.md
]]>
</failure>
<system-out>
<![CDATA[
[[ATTACHMENT|../../test-results/02-core-features-Core-Feat-cd951--Management-bulk-operations-chromium/error-context.md]]
]]>
</system-out>
</testcase>
<testcase name="Core Feature Workflows › Project Management › create and edit project with all details" classname="02-core-features.spec.ts" time="0.084">
<failure message="02-core-features.spec.ts:195:9 create and edit project with all details" type="FAILURE">
<![CDATA[  [chromium] › 02-core-features.spec.ts:195:9 › Core Feature Workflows › Project Management › create and edit project with all details 

    Error: browserType.launch: 
    ╔══════════════════════════════════════════════════════╗
    ║ Host system is missing dependencies to run browsers. ║
    ║ Please install them with the following command:      ║
    ║                                                      ║
    ║     sudo npx playwright install-deps                 ║
    ║                                                      ║
    ║ Alternatively, use apt:                              ║
    ║     sudo apt-get install libnss3\                    ║
    ║         libnspr4                                     ║
    ║                                                      ║
    ║ <3 Playwright Team                                   ║
    ╚══════════════════════════════════════════════════════╝

    Error Context: ../../test-results/02-core-features-Core-Feat-5e65c-it-project-with-all-details-chromium/error-context.md
]]>
</failure>
<system-out>
<![CDATA[
[[ATTACHMENT|../../test-results/02-core-features-Core-Feat-5e65c-it-project-with-all-details-chromium/error-context.md]]
]]>
</system-out>
</testcase>
<testcase name="Core Feature Workflows › Project Management › project visibility and publishing" classname="02-core-features.spec.ts" time="0.081">
<failure message="02-core-features.spec.ts:219:9 project visibility and publishing" type="FAILURE">
<![CDATA[  [chromium] › 02-core-features.spec.ts:219:9 › Core Feature Workflows › Project Management › project visibility and publishing 

    Error: browserType.launch: 
    ╔══════════════════════════════════════════════════════╗
    ║ Host system is missing dependencies to run browsers. ║
    ║ Please install them with the following command:      ║
    ║                                                      ║
    ║     sudo npx playwright install-deps                 ║
    ║                                                      ║
    ║ Alternatively, use apt:                              ║
    ║     sudo apt-get install libnss3\                    ║
    ║         libnspr4                                     ║
    ║                                                      ║
    ║ <3 Playwright Team                                   ║
    ╚══════════════════════════════════════════════════════╝

    Error Context: ../../test-results/02-core-features-Core-Feat-aa148-t-visibility-and-publishing-chromium/error-context.md
]]>
</failure>
<system-out>
<![CDATA[
[[ATTACHMENT|../../test-results/02-core-features-Core-Feat-aa148-t-visibility-and-publishing-chromium/error-context.md]]
]]>
</system-out>
</testcase>
<testcase name="Core Feature Workflows › Application Process › complete application workflow" classname="02-core-features.spec.ts" time="0.071">
<failure message="02-core-features.spec.ts:244:9 complete application workflow" type="FAILURE">
<![CDATA[  [chromium] › 02-core-features.spec.ts:244:9 › Core Feature Workflows › Application Process › complete application workflow 

    Error: browserType.launch: 
    ╔══════════════════════════════════════════════════════╗
    ║ Host system is missing dependencies to run browsers. ║
    ║ Please install them with the following command:      ║
    ║                                                      ║
    ║     sudo npx playwright install-deps                 ║
    ║                                                      ║
    ║ Alternatively, use apt:                              ║
    ║     sudo apt-get install libnss3\                    ║
    ║         libnspr4                                     ║
    ║                                                      ║
    ║ <3 Playwright Team                                   ║
    ╚══════════════════════════════════════════════════════╝

    Error Context: ../../test-results/02-core-features-Core-Feat-2119c-mplete-application-workflow-chromium/error-context.md
]]>
</failure>
<system-out>
<![CDATA[
[[ATTACHMENT|../../test-results/02-core-features-Core-Feat-2119c-mplete-application-workflow-chromium/error-context.md]]
]]>
</system-out>
</testcase>
<testcase name="Core Feature Workflows › File Management › upload and download documents" classname="02-core-features.spec.ts" time="0.064">
<failure message="02-core-features.spec.ts:334:9 upload and download documents" type="FAILURE">
<![CDATA[  [chromium] › 02-core-features.spec.ts:334:9 › Core Feature Workflows › File Management › upload and download documents 

    Error: browserType.launch: 
    ╔══════════════════════════════════════════════════════╗
    ║ Host system is missing dependencies to run browsers. ║
    ║ Please install them with the following command:      ║
    ║                                                      ║
    ║     sudo npx playwright install-deps                 ║
    ║                                                      ║
    ║ Alternatively, use apt:                              ║
    ║     sudo apt-get install libnss3\                    ║
    ║         libnspr4                                     ║
    ║                                                      ║
    ║ <3 Playwright Team                                   ║
    ╚══════════════════════════════════════════════════════╝

    Error Context: ../../test-results/02-core-features-Core-Feat-19268-load-and-download-documents-chromium/error-context.md
]]>
</failure>
<system-out>
<![CDATA[
[[ATTACHMENT|../../test-results/02-core-features-Core-Feat-19268-load-and-download-documents-chromium/error-context.md]]
]]>
</system-out>
</testcase>
<testcase name="Core Feature Workflows › File Management › file encryption verification" classname="02-core-features.spec.ts" time="0.064">
<failure message="02-core-features.spec.ts:362:9 file encryption verification" type="FAILURE">
<![CDATA[  [chromium] › 02-core-features.spec.ts:362:9 › Core Feature Workflows › File Management › file encryption verification 

    Error: browserType.launch: 
    ╔══════════════════════════════════════════════════════╗
    ║ Host system is missing dependencies to run browsers. ║
    ║ Please install them with the following command:      ║
    ║                                                      ║
    ║     sudo npx playwright install-deps                 ║
    ║                                                      ║
    ║ Alternatively, use apt:                              ║
    ║     sudo apt-get install libnss3\                    ║
    ║         libnspr4                                     ║
    ║                                                      ║
    ║ <3 Playwright Team                                   ║
    ╚══════════════════════════════════════════════════════╝

    Error Context: ../../test-results/02-core-features-Core-Feat-0eb2b-ile-encryption-verification-chromium/error-context.md
]]>
</failure>
<system-out>
<![CDATA[
[[ATTACHMENT|../../test-results/02-core-features-Core-Feat-0eb2b-ile-encryption-verification-chromium/error-context.md]]
]]>
</system-out>
</testcase>
<testcase name="Core Feature Workflows › Communication Features › email notifications workflow" classname="02-core-features.spec.ts" time="0.058">
<failure message="02-core-features.spec.ts:369:9 email notifications workflow" type="FAILURE">
<![CDATA[  [chromium] › 02-core-features.spec.ts:369:9 › Core Feature Workflows › Communication Features › email notifications workflow 

    Error: browserType.launch: 
    ╔══════════════════════════════════════════════════════╗
    ║ Host system is missing dependencies to run browsers. ║
    ║ Please install them with the following command:      ║
    ║                                                      ║
    ║     sudo npx playwright install-deps                 ║
    ║                                                      ║
    ║ Alternatively, use apt:                              ║
    ║     sudo apt-get install libnss3\                    ║
    ║         libnspr4                                     ║
    ║                                                      ║
    ║ <3 Playwright Team                                   ║
    ╚══════════════════════════════════════════════════════╝

    Error Context: ../../test-results/02-core-features-Core-Feat-84438-mail-notifications-workflow-chromium/error-context.md
]]>
</failure>
<system-out>
<![CDATA[
[[ATTACHMENT|../../test-results/02-core-features-Core-Feat-84438-mail-notifications-workflow-chromium/error-context.md]]
]]>
</system-out>
</testcase>
<testcase name="Core Feature Workflows › Communication Features › in-app notifications" classname="02-core-features.spec.ts" time="0.072">
<failure message="02-core-features.spec.ts:394:9 in-app notifications" type="FAILURE">
<![CDATA[  [chromium] › 02-core-features.spec.ts:394:9 › Core Feature Workflows › Communication Features › in-app notifications 

    Error: browserType.launch: 
    ╔══════════════════════════════════════════════════════╗
    ║ Host system is missing dependencies to run browsers. ║
    ║ Please install them with the following command:      ║
    ║                                                      ║
    ║     sudo npx playwright install-deps                 ║
    ║                                                      ║
    ║ Alternatively, use apt:                              ║
    ║     sudo apt-get install libnss3\                    ║
    ║         libnspr4                                     ║
    ║                                                      ║
    ║ <3 Playwright Team                                   ║
    ╚══════════════════════════════════════════════════════╝

    Error Context: ../../test-results/02-core-features-Core-Feat-9f346-atures-in-app-notifications-chromium/error-context.md
]]>
</failure>
<system-out>
<![CDATA[
[[ATTACHMENT|../../test-results/02-core-features-Core-Feat-9f346-atures-in-app-notifications-chromium/error-context.md]]
]]>
</system-out>
</testcase>
</testsuite>
<testsuite name="03-security-features.spec.ts" timestamp="2025-06-30T19:50:57.388Z" hostname="chromium" tests="15" failures="15" skipped="0" time="0.996" errors="0">
<testcase name="Security Feature Validation › Rate Limiting › login attempts rate limiting" classname="03-security-features.spec.ts" time="0.067">
<failure message="03-security-features.spec.ts:13:9 login attempts rate limiting" type="FAILURE">
<![CDATA[  [chromium] › 03-security-features.spec.ts:13:9 › Security Feature Validation › Rate Limiting › login attempts rate limiting 

    Error: browserType.launch: 
    ╔══════════════════════════════════════════════════════╗
    ║ Host system is missing dependencies to run browsers. ║
    ║ Please install them with the following command:      ║
    ║                                                      ║
    ║     sudo npx playwright install-deps                 ║
    ║                                                      ║
    ║ Alternatively, use apt:                              ║
    ║     sudo apt-get install libnss3\                    ║
    ║         libnspr4                                     ║
    ║                                                      ║
    ║ <3 Playwright Team                                   ║
    ╚══════════════════════════════════════════════════════╝

    Error Context: ../../test-results/03-security-features-Secur-3819a-ogin-attempts-rate-limiting-chromium/error-context.md
]]>
</failure>
<system-out>
<![CDATA[
[[ATTACHMENT|../../test-results/03-security-features-Secur-3819a-ogin-attempts-rate-limiting-chromium/error-context.md]]
]]>
</system-out>
</testcase>
<testcase name="Security Feature Validation › Rate Limiting › API endpoint rate limiting" classname="03-security-features.spec.ts" time="0.06">
<failure message="03-security-features.spec.ts:43:9 API endpoint rate limiting" type="FAILURE">
<![CDATA[  [chromium] › 03-security-features.spec.ts:43:9 › Security Feature Validation › Rate Limiting › API endpoint rate limiting 

    Error: browserType.launch: 
    ╔══════════════════════════════════════════════════════╗
    ║ Host system is missing dependencies to run browsers. ║
    ║ Please install them with the following command:      ║
    ║                                                      ║
    ║     sudo npx playwright install-deps                 ║
    ║                                                      ║
    ║ Alternatively, use apt:                              ║
    ║     sudo apt-get install libnss3\                    ║
    ║         libnspr4                                     ║
    ║                                                      ║
    ║ <3 Playwright Team                                   ║
    ╚══════════════════════════════════════════════════════╝

    Error Context: ../../test-results/03-security-features-Secur-3eee9--API-endpoint-rate-limiting-chromium/error-context.md
]]>
</failure>
<system-out>
<![CDATA[
[[ATTACHMENT|../../test-results/03-security-features-Secur-3eee9--API-endpoint-rate-limiting-chromium/error-context.md]]
]]>
</system-out>
</testcase>
<testcase name="Security Feature Validation › PII Encryption › verify PII data is encrypted in transit" classname="03-security-features.spec.ts" time="0.061">
<failure message="03-security-features.spec.ts:70:9 verify PII data is encrypted in transit" type="FAILURE">
<![CDATA[  [chromium] › 03-security-features.spec.ts:70:9 › Security Feature Validation › PII Encryption › verify PII data is encrypted in transit 

    Error: browserType.launch: 
    ╔══════════════════════════════════════════════════════╗
    ║ Host system is missing dependencies to run browsers. ║
    ║ Please install them with the following command:      ║
    ║                                                      ║
    ║     sudo npx playwright install-deps                 ║
    ║                                                      ║
    ║ Alternatively, use apt:                              ║
    ║     sudo apt-get install libnss3\                    ║
    ║         libnspr4                                     ║
    ║                                                      ║
    ║ <3 Playwright Team                                   ║
    ╚══════════════════════════════════════════════════════╝

    Error Context: ../../test-results/03-security-features-Secur-65683-ata-is-encrypted-in-transit-chromium/error-context.md
]]>
</failure>
<system-out>
<![CDATA[
[[ATTACHMENT|../../test-results/03-security-features-Secur-65683-ata-is-encrypted-in-transit-chromium/error-context.md]]
]]>
</system-out>
</testcase>
<testcase name="Security Feature Validation › PII Encryption › verify PII is masked in UI" classname="03-security-features.spec.ts" time="0.077">
<failure message="03-security-features.spec.ts:99:9 verify PII is masked in UI" type="FAILURE">
<![CDATA[  [chromium] › 03-security-features.spec.ts:99:9 › Security Feature Validation › PII Encryption › verify PII is masked in UI 

    Error: browserType.launch: 
    ╔══════════════════════════════════════════════════════╗
    ║ Host system is missing dependencies to run browsers. ║
    ║ Please install them with the following command:      ║
    ║                                                      ║
    ║     sudo npx playwright install-deps                 ║
    ║                                                      ║
    ║ Alternatively, use apt:                              ║
    ║     sudo apt-get install libnss3\                    ║
    ║         libnspr4                                     ║
    ║                                                      ║
    ║ <3 Playwright Team                                   ║
    ╚══════════════════════════════════════════════════════╝

    Error Context: ../../test-results/03-security-features-Secur-b6a20--verify-PII-is-masked-in-UI-chromium/error-context.md
]]>
</failure>
<system-out>
<![CDATA[
[[ATTACHMENT|../../test-results/03-security-features-Secur-b6a20--verify-PII-is-masked-in-UI-chromium/error-context.md]]
]]>
</system-out>
</testcase>
<testcase name="Security Feature Validation › Role-Based Access Control › verify role restrictions are enforced" classname="03-security-features.spec.ts" time="0.073">
<failure message="03-security-features.spec.ts:140:9 verify role restrictions are enforced" type="FAILURE">
<![CDATA[  [chromium] › 03-security-features.spec.ts:140:9 › Security Feature Validation › Role-Based Access Control › verify role restrictions are enforced 

    Error: browserType.launch: 
    ╔══════════════════════════════════════════════════════╗
    ║ Host system is missing dependencies to run browsers. ║
    ║ Please install them with the following command:      ║
    ║                                                      ║
    ║     sudo npx playwright install-deps                 ║
    ║                                                      ║
    ║ Alternatively, use apt:                              ║
    ║     sudo apt-get install libnss3\                    ║
    ║         libnspr4                                     ║
    ║                                                      ║
    ║ <3 Playwright Team                                   ║
    ╚══════════════════════════════════════════════════════╝

    Error Context: ../../test-results/03-security-features-Secur-ab296-e-restrictions-are-enforced-chromium/error-context.md
]]>
</failure>
<system-out>
<![CDATA[
[[ATTACHMENT|../../test-results/03-security-features-Secur-ab296-e-restrictions-are-enforced-chromium/error-context.md]]
]]>
</system-out>
</testcase>
<testcase name="Security Feature Validation › Role-Based Access Control › verify API endpoint authorization" classname="03-security-features.spec.ts" time="0.054">
<failure message="03-security-features.spec.ts:181:9 verify API endpoint authorization" type="FAILURE">
<![CDATA[  [chromium] › 03-security-features.spec.ts:181:9 › Security Feature Validation › Role-Based Access Control › verify API endpoint authorization 

    Error: browserType.launch: 
    ╔══════════════════════════════════════════════════════╗
    ║ Host system is missing dependencies to run browsers. ║
    ║ Please install them with the following command:      ║
    ║                                                      ║
    ║     sudo npx playwright install-deps                 ║
    ║                                                      ║
    ║ Alternatively, use apt:                              ║
    ║     sudo apt-get install libnss3\                    ║
    ║         libnspr4                                     ║
    ║                                                      ║
    ║ <3 Playwright Team                                   ║
    ╚══════════════════════════════════════════════════════╝

    Error Context: ../../test-results/03-security-features-Secur-e648d--API-endpoint-authorization-chromium/error-context.md
]]>
</failure>
<system-out>
<![CDATA[
[[ATTACHMENT|../../test-results/03-security-features-Secur-e648d--API-endpoint-authorization-chromium/error-context.md]]
]]>
</system-out>
</testcase>
<testcase name="Security Feature Validation › CORS Configuration › verify CORS headers are properly set" classname="03-security-features.spec.ts" time="0.056">
<failure message="03-security-features.spec.ts:220:9 verify CORS headers are properly set" type="FAILURE">
<![CDATA[  [chromium] › 03-security-features.spec.ts:220:9 › Security Feature Validation › CORS Configuration › verify CORS headers are properly set 

    Error: browserType.launch: 
    ╔══════════════════════════════════════════════════════╗
    ║ Host system is missing dependencies to run browsers. ║
    ║ Please install them with the following command:      ║
    ║                                                      ║
    ║     sudo npx playwright install-deps                 ║
    ║                                                      ║
    ║ Alternatively, use apt:                              ║
    ║     sudo apt-get install libnss3\                    ║
    ║         libnspr4                                     ║
    ║                                                      ║
    ║ <3 Playwright Team                                   ║
    ╚══════════════════════════════════════════════════════╝

    Error Context: ../../test-results/03-security-features-Secur-6f337-RS-headers-are-properly-set-chromium/error-context.md
]]>
</failure>
<system-out>
<![CDATA[
[[ATTACHMENT|../../test-results/03-security-features-Secur-6f337-RS-headers-are-properly-set-chromium/error-context.md]]
]]>
</system-out>
</testcase>
<testcase name="Security Feature Validation › CORS Configuration › verify CORS blocks unauthorized origins" classname="03-security-features.spec.ts" time="0.075">
<failure message="03-security-features.spec.ts:232:9 verify CORS blocks unauthorized origins" type="FAILURE">
<![CDATA[  [chromium] › 03-security-features.spec.ts:232:9 › Security Feature Validation › CORS Configuration › verify CORS blocks unauthorized origins 

    Error: browserType.launch: 
    ╔══════════════════════════════════════════════════════╗
    ║ Host system is missing dependencies to run browsers. ║
    ║ Please install them with the following command:      ║
    ║                                                      ║
    ║     sudo npx playwright install-deps                 ║
    ║                                                      ║
    ║ Alternatively, use apt:                              ║
    ║     sudo apt-get install libnss3\                    ║
    ║         libnspr4                                     ║
    ║                                                      ║
    ║ <3 Playwright Team                                   ║
    ╚══════════════════════════════════════════════════════╝

    Error Context: ../../test-results/03-security-features-Secur-1762a-blocks-unauthorized-origins-chromium/error-context.md
]]>
</failure>
<system-out>
<![CDATA[
[[ATTACHMENT|../../test-results/03-security-features-Secur-1762a-blocks-unauthorized-origins-chromium/error-context.md]]
]]>
</system-out>
</testcase>
<testcase name="Security Feature Validation › Session Management › verify session timeout works correctly" classname="03-security-features.spec.ts" time="0.06">
<failure message="03-security-features.spec.ts:246:9 verify session timeout works correctly" type="FAILURE">
<![CDATA[  [chromium] › 03-security-features.spec.ts:246:9 › Security Feature Validation › Session Management › verify session timeout works correctly 

    Error: browserType.launch: 
    ╔══════════════════════════════════════════════════════╗
    ║ Host system is missing dependencies to run browsers. ║
    ║ Please install them with the following command:      ║
    ║                                                      ║
    ║     sudo npx playwright install-deps                 ║
    ║                                                      ║
    ║ Alternatively, use apt:                              ║
    ║     sudo apt-get install libnss3\                    ║
    ║         libnspr4                                     ║
    ║                                                      ║
    ║ <3 Playwright Team                                   ║
    ╚══════════════════════════════════════════════════════╝

    Error Context: ../../test-results/03-security-features-Secur-e0bf5-ion-timeout-works-correctly-chromium/error-context.md
]]>
</failure>
<system-out>
<![CDATA[
[[ATTACHMENT|../../test-results/03-security-features-Secur-e0bf5-ion-timeout-works-correctly-chromium/error-context.md]]
]]>
</system-out>
</testcase>
<testcase name="Security Feature Validation › Session Management › verify concurrent session handling" classname="03-security-features.spec.ts" time="0.054">
<failure message="03-security-features.spec.ts:276:9 verify concurrent session handling" type="FAILURE">
<![CDATA[  [chromium] › 03-security-features.spec.ts:276:9 › Security Feature Validation › Session Management › verify concurrent session handling 

    Error: browserType.launch: 
    ╔══════════════════════════════════════════════════════╗
    ║ Host system is missing dependencies to run browsers. ║
    ║ Please install them with the following command:      ║
    ║                                                      ║
    ║     sudo npx playwright install-deps                 ║
    ║                                                      ║
    ║ Alternatively, use apt:                              ║
    ║     sudo apt-get install libnss3\                    ║
    ║         libnspr4                                     ║
    ║                                                      ║
    ║ <3 Playwright Team                                   ║
    ╚══════════════════════════════════════════════════════╝

    Error Context: ../../test-results/03-security-features-Secur-af177-concurrent-session-handling-chromium/error-context.md
]]>
</failure>
<system-out>
<![CDATA[
[[ATTACHMENT|../../test-results/03-security-features-Secur-af177-concurrent-session-handling-chromium/error-context.md]]
]]>
</system-out>
</testcase>
<testcase name="Security Feature Validation › Input Validation &amp; Sanitization › verify XSS protection" classname="03-security-features.spec.ts" time="0.056">
<failure message="03-security-features.spec.ts:305:9 verify XSS protection" type="FAILURE">
<![CDATA[  [chromium] › 03-security-features.spec.ts:305:9 › Security Feature Validation › Input Validation & Sanitization › verify XSS protection 

    Error: browserType.launch: 
    ╔══════════════════════════════════════════════════════╗
    ║ Host system is missing dependencies to run browsers. ║
    ║ Please install them with the following command:      ║
    ║                                                      ║
    ║     sudo npx playwright install-deps                 ║
    ║                                                      ║
    ║ Alternatively, use apt:                              ║
    ║     sudo apt-get install libnss3\                    ║
    ║         libnspr4                                     ║
    ║                                                      ║
    ║ <3 Playwright Team                                   ║
    ╚══════════════════════════════════════════════════════╝

    Error Context: ../../test-results/03-security-features-Secur-67345-ation-verify-XSS-protection-chromium/error-context.md
]]>
</failure>
<system-out>
<![CDATA[
[[ATTACHMENT|../../test-results/03-security-features-Secur-67345-ation-verify-XSS-protection-chromium/error-context.md]]
]]>
</system-out>
</testcase>
<testcase name="Security Feature Validation › Input Validation &amp; Sanitization › verify SQL injection protection" classname="03-security-features.spec.ts" time="0.086">
<failure message="03-security-features.spec.ts:343:9 verify SQL injection protection" type="FAILURE">
<![CDATA[  [chromium] › 03-security-features.spec.ts:343:9 › Security Feature Validation › Input Validation & Sanitization › verify SQL injection protection 

    Error: browserType.launch: 
    ╔══════════════════════════════════════════════════════╗
    ║ Host system is missing dependencies to run browsers. ║
    ║ Please install them with the following command:      ║
    ║                                                      ║
    ║     sudo npx playwright install-deps                 ║
    ║                                                      ║
    ║ Alternatively, use apt:                              ║
    ║     sudo apt-get install libnss3\                    ║
    ║         libnspr4                                     ║
    ║                                                      ║
    ║ <3 Playwright Team                                   ║
    ╚══════════════════════════════════════════════════════╝

    Error Context: ../../test-results/03-security-features-Secur-5ec39-fy-SQL-injection-protection-chromium/error-context.md
]]>
</failure>
<system-out>
<![CDATA[
[[ATTACHMENT|../../test-results/03-security-features-Secur-5ec39-fy-SQL-injection-protection-chromium/error-context.md]]
]]>
</system-out>
</testcase>
<testcase name="Security Feature Validation › File Security › verify malicious file upload protection" classname="03-security-features.spec.ts" time="0.075">
<failure message="03-security-features.spec.ts:369:9 verify malicious file upload protection" type="FAILURE">
<![CDATA[  [chromium] › 03-security-features.spec.ts:369:9 › Security Feature Validation › File Security › verify malicious file upload protection 

    Error: browserType.launch: 
    ╔══════════════════════════════════════════════════════╗
    ║ Host system is missing dependencies to run browsers. ║
    ║ Please install them with the following command:      ║
    ║                                                      ║
    ║     sudo npx playwright install-deps                 ║
    ║                                                      ║
    ║ Alternatively, use apt:                              ║
    ║     sudo apt-get install libnss3\                    ║
    ║         libnspr4                                     ║
    ║                                                      ║
    ║ <3 Playwright Team                                   ║
    ╚══════════════════════════════════════════════════════╝

    Error Context: ../../test-results/03-security-features-Secur-ac51f-ious-file-upload-protection-chromium/error-context.md
]]>
</failure>
<system-out>
<![CDATA[
[[ATTACHMENT|../../test-results/03-security-features-Secur-ac51f-ious-file-upload-protection-chromium/error-context.md]]
]]>
</system-out>
</testcase>
<testcase name="Security Feature Validation › File Security › verify file size limits" classname="03-security-features.spec.ts" time="0.083">
<failure message="03-security-features.spec.ts:396:9 verify file size limits" type="FAILURE">
<![CDATA[  [chromium] › 03-security-features.spec.ts:396:9 › Security Feature Validation › File Security › verify file size limits 

    Error: browserType.launch: 
    ╔══════════════════════════════════════════════════════╗
    ║ Host system is missing dependencies to run browsers. ║
    ║ Please install them with the following command:      ║
    ║                                                      ║
    ║     sudo npx playwright install-deps                 ║
    ║                                                      ║
    ║ Alternatively, use apt:                              ║
    ║     sudo apt-get install libnss3\                    ║
    ║         libnspr4                                     ║
    ║                                                      ║
    ║ <3 Playwright Team                                   ║
    ╚══════════════════════════════════════════════════════╝

    Error Context: ../../test-results/03-security-features-Secur-135f2-ity-verify-file-size-limits-chromium/error-context.md
]]>
</failure>
<system-out>
<![CDATA[
[[ATTACHMENT|../../test-results/03-security-features-Secur-135f2-ity-verify-file-size-limits-chromium/error-context.md]]
]]>
</system-out>
</testcase>
<testcase name="Security Feature Validation › Audit Logging › verify sensitive actions are logged" classname="03-security-features.spec.ts" time="0.059">
<failure message="03-security-features.spec.ts:416:9 verify sensitive actions are logged" type="FAILURE">
<![CDATA[  [chromium] › 03-security-features.spec.ts:416:9 › Security Feature Validation › Audit Logging › verify sensitive actions are logged 

    Error: browserType.launch: 
    ╔══════════════════════════════════════════════════════╗
    ║ Host system is missing dependencies to run browsers. ║
    ║ Please install them with the following command:      ║
    ║                                                      ║
    ║     sudo npx playwright install-deps                 ║
    ║                                                      ║
    ║ Alternatively, use apt:                              ║
    ║     sudo apt-get install libnss3\                    ║
    ║         libnspr4                                     ║
    ║                                                      ║
    ║ <3 Playwright Team                                   ║
    ╚══════════════════════════════════════════════════════╝

    Error Context: ../../test-results/03-security-features-Secur-12ba0-ensitive-actions-are-logged-chromium/error-context.md
]]>
</failure>
<system-out>
<![CDATA[
[[ATTACHMENT|../../test-results/03-security-features-Secur-12ba0-ensitive-actions-are-logged-chromium/error-context.md]]
]]>
</system-out>
</testcase>
</testsuite>
<testsuite name="04-ui-ux-components.spec.ts" timestamp="2025-06-30T19:50:57.388Z" hostname="chromium" tests="23" failures="23" skipped="0" time="1.626" errors="0">
<testcase name="UI/UX Component Testing › Responsive Design › responsive layout on Mobile Portrait" classname="04-ui-ux-components.spec.ts" time="0.089">
<failure message="04-ui-ux-components.spec.ts:23:11 responsive layout on Mobile Portrait" type="FAILURE">
<![CDATA[  [chromium] › 04-ui-ux-components.spec.ts:23:11 › UI/UX Component Testing › Responsive Design › responsive layout on Mobile Portrait 

    Error: browserType.launch: 
    ╔══════════════════════════════════════════════════════╗
    ║ Host system is missing dependencies to run browsers. ║
    ║ Please install them with the following command:      ║
    ║                                                      ║
    ║     sudo npx playwright install-deps                 ║
    ║                                                      ║
    ║ Alternatively, use apt:                              ║
    ║     sudo apt-get install libnss3\                    ║
    ║         libnspr4                                     ║
    ║                                                      ║
    ║ <3 Playwright Team                                   ║
    ╚══════════════════════════════════════════════════════╝

    Error Context: ../../test-results/04-ui-ux-components-UI-UX--594b0-e-layout-on-Mobile-Portrait-chromium/error-context.md
]]>
</failure>
<system-out>
<![CDATA[
[[ATTACHMENT|../../test-results/04-ui-ux-components-UI-UX--594b0-e-layout-on-Mobile-Portrait-chromium/error-context.md]]
]]>
</system-out>
</testcase>
<testcase name="UI/UX Component Testing › Responsive Design › responsive layout on Mobile Landscape" classname="04-ui-ux-components.spec.ts" time="0.07">
<failure message="04-ui-ux-components.spec.ts:23:11 responsive layout on Mobile Landscape" type="FAILURE">
<![CDATA[  [chromium] › 04-ui-ux-components.spec.ts:23:11 › UI/UX Component Testing › Responsive Design › responsive layout on Mobile Landscape 

    Error: browserType.launch: 
    ╔══════════════════════════════════════════════════════╗
    ║ Host system is missing dependencies to run browsers. ║
    ║ Please install them with the following command:      ║
    ║                                                      ║
    ║     sudo npx playwright install-deps                 ║
    ║                                                      ║
    ║ Alternatively, use apt:                              ║
    ║     sudo apt-get install libnss3\                    ║
    ║         libnspr4                                     ║
    ║                                                      ║
    ║ <3 Playwright Team                                   ║
    ╚══════════════════════════════════════════════════════╝

    Error Context: ../../test-results/04-ui-ux-components-UI-UX--44f02--layout-on-Mobile-Landscape-chromium/error-context.md
]]>
</failure>
<system-out>
<![CDATA[
[[ATTACHMENT|../../test-results/04-ui-ux-components-UI-UX--44f02--layout-on-Mobile-Landscape-chromium/error-context.md]]
]]>
</system-out>
</testcase>
<testcase name="UI/UX Component Testing › Responsive Design › responsive layout on Tablet Portrait" classname="04-ui-ux-components.spec.ts" time="0.061">
<failure message="04-ui-ux-components.spec.ts:23:11 responsive layout on Tablet Portrait" type="FAILURE">
<![CDATA[  [chromium] › 04-ui-ux-components.spec.ts:23:11 › UI/UX Component Testing › Responsive Design › responsive layout on Tablet Portrait 

    Error: browserType.launch: 
    ╔══════════════════════════════════════════════════════╗
    ║ Host system is missing dependencies to run browsers. ║
    ║ Please install them with the following command:      ║
    ║                                                      ║
    ║     sudo npx playwright install-deps                 ║
    ║                                                      ║
    ║ Alternatively, use apt:                              ║
    ║     sudo apt-get install libnss3\                    ║
    ║         libnspr4                                     ║
    ║                                                      ║
    ║ <3 Playwright Team                                   ║
    ╚══════════════════════════════════════════════════════╝

    Error Context: ../../test-results/04-ui-ux-components-UI-UX--1c7ad-e-layout-on-Tablet-Portrait-chromium/error-context.md
]]>
</failure>
<system-out>
<![CDATA[
[[ATTACHMENT|../../test-results/04-ui-ux-components-UI-UX--1c7ad-e-layout-on-Tablet-Portrait-chromium/error-context.md]]
]]>
</system-out>
</testcase>
<testcase name="UI/UX Component Testing › Responsive Design › responsive layout on Tablet Landscape" classname="04-ui-ux-components.spec.ts" time="0.089">
<failure message="04-ui-ux-components.spec.ts:23:11 responsive layout on Tablet Landscape" type="FAILURE">
<![CDATA[  [chromium] › 04-ui-ux-components.spec.ts:23:11 › UI/UX Component Testing › Responsive Design › responsive layout on Tablet Landscape 

    Error: browserType.launch: 
    ╔══════════════════════════════════════════════════════╗
    ║ Host system is missing dependencies to run browsers. ║
    ║ Please install them with the following command:      ║
    ║                                                      ║
    ║     sudo npx playwright install-deps                 ║
    ║                                                      ║
    ║ Alternatively, use apt:                              ║
    ║     sudo apt-get install libnss3\                    ║
    ║         libnspr4                                     ║
    ║                                                      ║
    ║ <3 Playwright Team                                   ║
    ╚══════════════════════════════════════════════════════╝

    Error Context: ../../test-results/04-ui-ux-components-UI-UX--1c5f1--layout-on-Tablet-Landscape-chromium/error-context.md
]]>
</failure>
<system-out>
<![CDATA[
[[ATTACHMENT|../../test-results/04-ui-ux-components-UI-UX--1c5f1--layout-on-Tablet-Landscape-chromium/error-context.md]]
]]>
</system-out>
</testcase>
<testcase name="UI/UX Component Testing › Responsive Design › responsive layout on Desktop" classname="04-ui-ux-components.spec.ts" time="0.064">
<failure message="04-ui-ux-components.spec.ts:23:11 responsive layout on Desktop" type="FAILURE">
<![CDATA[  [chromium] › 04-ui-ux-components.spec.ts:23:11 › UI/UX Component Testing › Responsive Design › responsive layout on Desktop 

    Error: browserType.launch: 
    ╔══════════════════════════════════════════════════════╗
    ║ Host system is missing dependencies to run browsers. ║
    ║ Please install them with the following command:      ║
    ║                                                      ║
    ║     sudo npx playwright install-deps                 ║
    ║                                                      ║
    ║ Alternatively, use apt:                              ║
    ║     sudo apt-get install libnss3\                    ║
    ║         libnspr4                                     ║
    ║                                                      ║
    ║ <3 Playwright Team                                   ║
    ╚══════════════════════════════════════════════════════╝

    Error Context: ../../test-results/04-ui-ux-components-UI-UX--84d4a-esponsive-layout-on-Desktop-chromium/error-context.md
]]>
</failure>
<system-out>
<![CDATA[
[[ATTACHMENT|../../test-results/04-ui-ux-components-UI-UX--84d4a-esponsive-layout-on-Desktop-chromium/error-context.md]]
]]>
</system-out>
</testcase>
<testcase name="UI/UX Component Testing › Responsive Design › responsive layout on Wide Screen" classname="04-ui-ux-components.spec.ts" time="0.071">
<failure message="04-ui-ux-components.spec.ts:23:11 responsive layout on Wide Screen" type="FAILURE">
<![CDATA[  [chromium] › 04-ui-ux-components.spec.ts:23:11 › UI/UX Component Testing › Responsive Design › responsive layout on Wide Screen 

    Error: browserType.launch: 
    ╔══════════════════════════════════════════════════════╗
    ║ Host system is missing dependencies to run browsers. ║
    ║ Please install them with the following command:      ║
    ║                                                      ║
    ║     sudo npx playwright install-deps                 ║
    ║                                                      ║
    ║ Alternatively, use apt:                              ║
    ║     sudo apt-get install libnss3\                    ║
    ║         libnspr4                                     ║
    ║                                                      ║
    ║ <3 Playwright Team                                   ║
    ╚══════════════════════════════════════════════════════╝

    Error Context: ../../test-results/04-ui-ux-components-UI-UX--537ef-nsive-layout-on-Wide-Screen-chromium/error-context.md
]]>
</failure>
<system-out>
<![CDATA[
[[ATTACHMENT|../../test-results/04-ui-ux-components-UI-UX--537ef-nsive-layout-on-Wide-Screen-chromium/error-context.md]]
]]>
</system-out>
</testcase>
<testcase name="UI/UX Component Testing › Responsive Design › responsive images and media" classname="04-ui-ux-components.spec.ts" time="0.072">
<failure message="04-ui-ux-components.spec.ts:78:9 responsive images and media" type="FAILURE">
<![CDATA[  [chromium] › 04-ui-ux-components.spec.ts:78:9 › UI/UX Component Testing › Responsive Design › responsive images and media 

    Error: browserType.launch: 
    ╔══════════════════════════════════════════════════════╗
    ║ Host system is missing dependencies to run browsers. ║
    ║ Please install them with the following command:      ║
    ║                                                      ║
    ║     sudo npx playwright install-deps                 ║
    ║                                                      ║
    ║ Alternatively, use apt:                              ║
    ║     sudo apt-get install libnss3\                    ║
    ║         libnspr4                                     ║
    ║                                                      ║
    ║ <3 Playwright Team                                   ║
    ╚══════════════════════════════════════════════════════╝

    Error Context: ../../test-results/04-ui-ux-components-UI-UX--7f381-responsive-images-and-media-chromium/error-context.md
]]>
</failure>
<system-out>
<![CDATA[
[[ATTACHMENT|../../test-results/04-ui-ux-components-UI-UX--7f381-responsive-images-and-media-chromium/error-context.md]]
]]>
</system-out>
</testcase>
<testcase name="UI/UX Component Testing › Accessibility Features › keyboard navigation" classname="04-ui-ux-components.spec.ts" time="0.078">
<failure message="04-ui-ux-components.spec.ts:112:9 keyboard navigation" type="FAILURE">
<![CDATA[  [chromium] › 04-ui-ux-components.spec.ts:112:9 › UI/UX Component Testing › Accessibility Features › keyboard navigation 

    Error: browserType.launch: 
    ╔══════════════════════════════════════════════════════╗
    ║ Host system is missing dependencies to run browsers. ║
    ║ Please install them with the following command:      ║
    ║                                                      ║
    ║     sudo npx playwright install-deps                 ║
    ║                                                      ║
    ║ Alternatively, use apt:                              ║
    ║     sudo apt-get install libnss3\                    ║
    ║         libnspr4                                     ║
    ║                                                      ║
    ║ <3 Playwright Team                                   ║
    ╚══════════════════════════════════════════════════════╝

    Error Context: ../../test-results/04-ui-ux-components-UI-UX--da264-eatures-keyboard-navigation-chromium/error-context.md
]]>
</failure>
<system-out>
<![CDATA[
[[ATTACHMENT|../../test-results/04-ui-ux-components-UI-UX--da264-eatures-keyboard-navigation-chromium/error-context.md]]
]]>
</system-out>
</testcase>
<testcase name="UI/UX Component Testing › Accessibility Features › screen reader compatibility" classname="04-ui-ux-components.spec.ts" time="0.062">
<failure message="04-ui-ux-components.spec.ts:147:9 screen reader compatibility" type="FAILURE">
<![CDATA[  [chromium] › 04-ui-ux-components.spec.ts:147:9 › UI/UX Component Testing › Accessibility Features › screen reader compatibility 

    Error: browserType.launch: 
    ╔══════════════════════════════════════════════════════╗
    ║ Host system is missing dependencies to run browsers. ║
    ║ Please install them with the following command:      ║
    ║                                                      ║
    ║     sudo npx playwright install-deps                 ║
    ║                                                      ║
    ║ Alternatively, use apt:                              ║
    ║     sudo apt-get install libnss3\                    ║
    ║         libnspr4                                     ║
    ║                                                      ║
    ║ <3 Playwright Team                                   ║
    ╚══════════════════════════════════════════════════════╝

    Error Context: ../../test-results/04-ui-ux-components-UI-UX--b0918-screen-reader-compatibility-chromium/error-context.md
]]>
</failure>
<system-out>
<![CDATA[
[[ATTACHMENT|../../test-results/04-ui-ux-components-UI-UX--b0918-screen-reader-compatibility-chromium/error-context.md]]
]]>
</system-out>
</testcase>
<testcase name="UI/UX Component Testing › Accessibility Features › color contrast compliance" classname="04-ui-ux-components.spec.ts" time="0.068">
<failure message="04-ui-ux-components.spec.ts:185:9 color contrast compliance" type="FAILURE">
<![CDATA[  [chromium] › 04-ui-ux-components.spec.ts:185:9 › UI/UX Component Testing › Accessibility Features › color contrast compliance 

    Error: browserType.launch: 
    ╔══════════════════════════════════════════════════════╗
    ║ Host system is missing dependencies to run browsers. ║
    ║ Please install them with the following command:      ║
    ║                                                      ║
    ║     sudo npx playwright install-deps                 ║
    ║                                                      ║
    ║ Alternatively, use apt:                              ║
    ║     sudo apt-get install libnss3\                    ║
    ║         libnspr4                                     ║
    ║                                                      ║
    ║ <3 Playwright Team                                   ║
    ╚══════════════════════════════════════════════════════╝

    Error Context: ../../test-results/04-ui-ux-components-UI-UX--cb07c-s-color-contrast-compliance-chromium/error-context.md
]]>
</failure>
<system-out>
<![CDATA[
[[ATTACHMENT|../../test-results/04-ui-ux-components-UI-UX--cb07c-s-color-contrast-compliance-chromium/error-context.md]]
]]>
</system-out>
</testcase>
<testcase name="UI/UX Component Testing › Accessibility Features › focus management in modals" classname="04-ui-ux-components.spec.ts" time="0.058">
<failure message="04-ui-ux-components.spec.ts:220:9 focus management in modals" type="FAILURE">
<![CDATA[  [chromium] › 04-ui-ux-components.spec.ts:220:9 › UI/UX Component Testing › Accessibility Features › focus management in modals 

    Error: browserType.launch: 
    ╔══════════════════════════════════════════════════════╗
    ║ Host system is missing dependencies to run browsers. ║
    ║ Please install them with the following command:      ║
    ║                                                      ║
    ║     sudo npx playwright install-deps                 ║
    ║                                                      ║
    ║ Alternatively, use apt:                              ║
    ║     sudo apt-get install libnss3\                    ║
    ║         libnspr4                                     ║
    ║                                                      ║
    ║ <3 Playwright Team                                   ║
    ╚══════════════════════════════════════════════════════╝

    Error Context: ../../test-results/04-ui-ux-components-UI-UX--7c9c9--focus-management-in-modals-chromium/error-context.md
]]>
</failure>
<system-out>
<![CDATA[
[[ATTACHMENT|../../test-results/04-ui-ux-components-UI-UX--7c9c9--focus-management-in-modals-chromium/error-context.md]]
]]>
</system-out>
</testcase>
<testcase name="UI/UX Component Testing › Loading States and Skeleton Components › skeleton loaders during data fetch" classname="04-ui-ux-components.spec.ts" time="0.06">
<failure message="04-ui-ux-components.spec.ts:255:9 skeleton loaders during data fetch" type="FAILURE">
<![CDATA[  [chromium] › 04-ui-ux-components.spec.ts:255:9 › UI/UX Component Testing › Loading States and Skeleton Components › skeleton loaders during data fetch 

    Error: browserType.launch: 
    ╔══════════════════════════════════════════════════════╗
    ║ Host system is missing dependencies to run browsers. ║
    ║ Please install them with the following command:      ║
    ║                                                      ║
    ║     sudo npx playwright install-deps                 ║
    ║                                                      ║
    ║ Alternatively, use apt:                              ║
    ║     sudo apt-get install libnss3\                    ║
    ║         libnspr4                                     ║
    ║                                                      ║
    ║ <3 Playwright Team                                   ║
    ╚══════════════════════════════════════════════════════╝

    Error Context: ../../test-results/04-ui-ux-components-UI-UX--79f11-n-loaders-during-data-fetch-chromium/error-context.md
]]>
</failure>
<system-out>
<![CDATA[
[[ATTACHMENT|../../test-results/04-ui-ux-components-UI-UX--79f11-n-loaders-during-data-fetch-chromium/error-context.md]]
]]>
</system-out>
</testcase>
<testcase name="UI/UX Component Testing › Loading States and Skeleton Components › loading spinners for actions" classname="04-ui-ux-components.spec.ts" time="0.066">
<failure message="04-ui-ux-components.spec.ts:275:9 loading spinners for actions" type="FAILURE">
<![CDATA[  [chromium] › 04-ui-ux-components.spec.ts:275:9 › UI/UX Component Testing › Loading States and Skeleton Components › loading spinners for actions 

    Error: browserType.launch: 
    ╔══════════════════════════════════════════════════════╗
    ║ Host system is missing dependencies to run browsers. ║
    ║ Please install them with the following command:      ║
    ║                                                      ║
    ║     sudo npx playwright install-deps                 ║
    ║                                                      ║
    ║ Alternatively, use apt:                              ║
    ║     sudo apt-get install libnss3\                    ║
    ║         libnspr4                                     ║
    ║                                                      ║
    ║ <3 Playwright Team                                   ║
    ╚══════════════════════════════════════════════════════╝

    Error Context: ../../test-results/04-ui-ux-components-UI-UX--6f57b-oading-spinners-for-actions-chromium/error-context.md
]]>
</failure>
<system-out>
<![CDATA[
[[ATTACHMENT|../../test-results/04-ui-ux-components-UI-UX--6f57b-oading-spinners-for-actions-chromium/error-context.md]]
]]>
</system-out>
</testcase>
<testcase name="UI/UX Component Testing › Loading States and Skeleton Components › optimistic UI updates" classname="04-ui-ux-components.spec.ts" time="0.097">
<failure message="04-ui-ux-components.spec.ts:302:9 optimistic UI updates" type="FAILURE">
<![CDATA[  [chromium] › 04-ui-ux-components.spec.ts:302:9 › UI/UX Component Testing › Loading States and Skeleton Components › optimistic UI updates 

    Error: browserType.launch: 
    ╔══════════════════════════════════════════════════════╗
    ║ Host system is missing dependencies to run browsers. ║
    ║ Please install them with the following command:      ║
    ║                                                      ║
    ║     sudo npx playwright install-deps                 ║
    ║                                                      ║
    ║ Alternatively, use apt:                              ║
    ║     sudo apt-get install libnss3\                    ║
    ║         libnspr4                                     ║
    ║                                                      ║
    ║ <3 Playwright Team                                   ║
    ╚══════════════════════════════════════════════════════╝

    Error Context: ../../test-results/04-ui-ux-components-UI-UX--98659-nents-optimistic-UI-updates-chromium/error-context.md
]]>
</failure>
<system-out>
<![CDATA[
[[ATTACHMENT|../../test-results/04-ui-ux-components-UI-UX--98659-nents-optimistic-UI-updates-chromium/error-context.md]]
]]>
</system-out>
</testcase>
<testcase name="UI/UX Component Testing › Error Handling and User Feedback › form validation feedback" classname="04-ui-ux-components.spec.ts" time="0.08">
<failure message="04-ui-ux-components.spec.ts:331:9 form validation feedback" type="FAILURE">
<![CDATA[  [chromium] › 04-ui-ux-components.spec.ts:331:9 › UI/UX Component Testing › Error Handling and User Feedback › form validation feedback 

    Error: browserType.launch: 
    ╔══════════════════════════════════════════════════════╗
    ║ Host system is missing dependencies to run browsers. ║
    ║ Please install them with the following command:      ║
    ║                                                      ║
    ║     sudo npx playwright install-deps                 ║
    ║                                                      ║
    ║ Alternatively, use apt:                              ║
    ║     sudo apt-get install libnss3\                    ║
    ║         libnspr4                                     ║
    ║                                                      ║
    ║ <3 Playwright Team                                   ║
    ╚══════════════════════════════════════════════════════╝

    Error Context: ../../test-results/04-ui-ux-components-UI-UX--c462d-ck-form-validation-feedback-chromium/error-context.md
]]>
</failure>
<system-out>
<![CDATA[
[[ATTACHMENT|../../test-results/04-ui-ux-components-UI-UX--c462d-ck-form-validation-feedback-chromium/error-context.md]]
]]>
</system-out>
</testcase>
<testcase name="UI/UX Component Testing › Error Handling and User Feedback › network error handling" classname="04-ui-ux-components.spec.ts" time="0.071">
<failure message="04-ui-ux-components.spec.ts:354:9 network error handling" type="FAILURE">
<![CDATA[  [chromium] › 04-ui-ux-components.spec.ts:354:9 › UI/UX Component Testing › Error Handling and User Feedback › network error handling 

    Error: browserType.launch: 
    ╔══════════════════════════════════════════════════════╗
    ║ Host system is missing dependencies to run browsers. ║
    ║ Please install them with the following command:      ║
    ║                                                      ║
    ║     sudo npx playwright install-deps                 ║
    ║                                                      ║
    ║ Alternatively, use apt:                              ║
    ║     sudo apt-get install libnss3\                    ║
    ║         libnspr4                                     ║
    ║                                                      ║
    ║ <3 Playwright Team                                   ║
    ╚══════════════════════════════════════════════════════╝

    Error Context: ../../test-results/04-ui-ux-components-UI-UX--a5d0a-back-network-error-handling-chromium/error-context.md
]]>
</failure>
<system-out>
<![CDATA[
[[ATTACHMENT|../../test-results/04-ui-ux-components-UI-UX--a5d0a-back-network-error-handling-chromium/error-context.md]]
]]>
</system-out>
</testcase>
<testcase name="UI/UX Component Testing › Error Handling and User Feedback › toast notifications" classname="04-ui-ux-components.spec.ts" time="0.069">
<failure message="04-ui-ux-components.spec.ts:378:9 toast notifications" type="FAILURE">
<![CDATA[  [chromium] › 04-ui-ux-components.spec.ts:378:9 › UI/UX Component Testing › Error Handling and User Feedback › toast notifications 

    Error: browserType.launch: 
    ╔══════════════════════════════════════════════════════╗
    ║ Host system is missing dependencies to run browsers. ║
    ║ Please install them with the following command:      ║
    ║                                                      ║
    ║     sudo npx playwright install-deps                 ║
    ║                                                      ║
    ║ Alternatively, use apt:                              ║
    ║     sudo apt-get install libnss3\                    ║
    ║         libnspr4                                     ║
    ║                                                      ║
    ║ <3 Playwright Team                                   ║
    ╚══════════════════════════════════════════════════════╝

    Error Context: ../../test-results/04-ui-ux-components-UI-UX--0c280-eedback-toast-notifications-chromium/error-context.md
]]>
</failure>
<system-out>
<![CDATA[
[[ATTACHMENT|../../test-results/04-ui-ux-components-UI-UX--0c280-eedback-toast-notifications-chromium/error-context.md]]
]]>
</system-out>
</testcase>
<testcase name="UI/UX Component Testing › Interactive Components › dropdown menus" classname="04-ui-ux-components.spec.ts" time="0.06">
<failure message="04-ui-ux-components.spec.ts:411:9 dropdown menus" type="FAILURE">
<![CDATA[  [chromium] › 04-ui-ux-components.spec.ts:411:9 › UI/UX Component Testing › Interactive Components › dropdown menus 

    Error: browserType.launch: 
    ╔══════════════════════════════════════════════════════╗
    ║ Host system is missing dependencies to run browsers. ║
    ║ Please install them with the following command:      ║
    ║                                                      ║
    ║     sudo npx playwright install-deps                 ║
    ║                                                      ║
    ║ Alternatively, use apt:                              ║
    ║     sudo apt-get install libnss3\                    ║
    ║         libnspr4                                     ║
    ║                                                      ║
    ║ <3 Playwright Team                                   ║
    ╚══════════════════════════════════════════════════════╝

    Error Context: ../../test-results/04-ui-ux-components-UI-UX--ff146-e-Components-dropdown-menus-chromium/error-context.md
]]>
</failure>
<system-out>
<![CDATA[
[[ATTACHMENT|../../test-results/04-ui-ux-components-UI-UX--ff146-e-Components-dropdown-menus-chromium/error-context.md]]
]]>
</system-out>
</testcase>
<testcase name="UI/UX Component Testing › Interactive Components › date pickers" classname="04-ui-ux-components.spec.ts" time="0.056">
<failure message="04-ui-ux-components.spec.ts:433:9 date pickers" type="FAILURE">
<![CDATA[  [chromium] › 04-ui-ux-components.spec.ts:433:9 › UI/UX Component Testing › Interactive Components › date pickers 

    Error: browserType.launch: 
    ╔══════════════════════════════════════════════════════╗
    ║ Host system is missing dependencies to run browsers. ║
    ║ Please install them with the following command:      ║
    ║                                                      ║
    ║     sudo npx playwright install-deps                 ║
    ║                                                      ║
    ║ Alternatively, use apt:                              ║
    ║     sudo apt-get install libnss3\                    ║
    ║         libnspr4                                     ║
    ║                                                      ║
    ║ <3 Playwright Team                                   ║
    ╚══════════════════════════════════════════════════════╝

    Error Context: ../../test-results/04-ui-ux-components-UI-UX--a1118-ive-Components-date-pickers-chromium/error-context.md
]]>
</failure>
<system-out>
<![CDATA[
[[ATTACHMENT|../../test-results/04-ui-ux-components-UI-UX--a1118-ive-Components-date-pickers-chromium/error-context.md]]
]]>
</system-out>
</testcase>
<testcase name="UI/UX Component Testing › Interactive Components › autocomplete/search suggestions" classname="04-ui-ux-components.spec.ts" time="0.056">
<failure message="04-ui-ux-components.spec.ts:456:9 autocomplete/search suggestions" type="FAILURE">
<![CDATA[  [chromium] › 04-ui-ux-components.spec.ts:456:9 › UI/UX Component Testing › Interactive Components › autocomplete/search suggestions 

    Error: browserType.launch: 
    ╔══════════════════════════════════════════════════════╗
    ║ Host system is missing dependencies to run browsers. ║
    ║ Please install them with the following command:      ║
    ║                                                      ║
    ║     sudo npx playwright install-deps                 ║
    ║                                                      ║
    ║ Alternatively, use apt:                              ║
    ║     sudo apt-get install libnss3\                    ║
    ║         libnspr4                                     ║
    ║                                                      ║
    ║ <3 Playwright Team                                   ║
    ╚══════════════════════════════════════════════════════╝

    Error Context: ../../test-results/04-ui-ux-components-UI-UX--831c7-complete-search-suggestions-chromium/error-context.md
]]>
</failure>
<system-out>
<![CDATA[
[[ATTACHMENT|../../test-results/04-ui-ux-components-UI-UX--831c7-complete-search-suggestions-chromium/error-context.md]]
]]>
</system-out>
</testcase>
<testcase name="UI/UX Component Testing › Interactive Components › tabs and tab panels" classname="04-ui-ux-components.spec.ts" time="0.069">
<failure message="04-ui-ux-components.spec.ts:473:9 tabs and tab panels" type="FAILURE">
<![CDATA[  [chromium] › 04-ui-ux-components.spec.ts:473:9 › UI/UX Component Testing › Interactive Components › tabs and tab panels 

    Error: browserType.launch: 
    ╔══════════════════════════════════════════════════════╗
    ║ Host system is missing dependencies to run browsers. ║
    ║ Please install them with the following command:      ║
    ║                                                      ║
    ║     sudo npx playwright install-deps                 ║
    ║                                                      ║
    ║ Alternatively, use apt:                              ║
    ║     sudo apt-get install libnss3\                    ║
    ║         libnspr4                                     ║
    ║                                                      ║
    ║ <3 Playwright Team                                   ║
    ╚══════════════════════════════════════════════════════╝

    Error Context: ../../test-results/04-ui-ux-components-UI-UX--a66fb-ponents-tabs-and-tab-panels-chromium/error-context.md
]]>
</failure>
<system-out>
<![CDATA[
[[ATTACHMENT|../../test-results/04-ui-ux-components-UI-UX--a66fb-ponents-tabs-and-tab-panels-chromium/error-context.md]]
]]>
</system-out>
</testcase>
<testcase name="UI/UX Component Testing › Real Device Testing › touch interactions on mobile" classname="04-ui-ux-components.spec.ts" time="0.082">
<failure message="04-ui-ux-components.spec.ts:505:9 touch interactions on mobile" type="FAILURE">
<![CDATA[  [chromium] › 04-ui-ux-components.spec.ts:505:9 › UI/UX Component Testing › Real Device Testing › touch interactions on mobile 

    Error: browserType.launch: 
    ╔══════════════════════════════════════════════════════╗
    ║ Host system is missing dependencies to run browsers. ║
    ║ Please install them with the following command:      ║
    ║                                                      ║
    ║     sudo npx playwright install-deps                 ║
    ║                                                      ║
    ║ Alternatively, use apt:                              ║
    ║     sudo apt-get install libnss3\                    ║
    ║         libnspr4                                     ║
    ║                                                      ║
    ║ <3 Playwright Team                                   ║
    ╚══════════════════════════════════════════════════════╝

    Error Context: ../../test-results/04-ui-ux-components-UI-UX--0d5e0-ouch-interactions-on-mobile-chromium/error-context.md
]]>
</failure>
<system-out>
<![CDATA[
[[ATTACHMENT|../../test-results/04-ui-ux-components-UI-UX--0d5e0-ouch-interactions-on-mobile-chromium/error-context.md]]
]]>
</system-out>
</testcase>
<testcase name="UI/UX Component Testing › Real Device Testing › device orientation changes" classname="04-ui-ux-components.spec.ts" time="0.078">
<failure message="04-ui-ux-components.spec.ts:546:9 device orientation changes" type="FAILURE">
<![CDATA[  [chromium] › 04-ui-ux-components.spec.ts:546:9 › UI/UX Component Testing › Real Device Testing › device orientation changes 

    Error: browserType.launch: 
    ╔══════════════════════════════════════════════════════╗
    ║ Host system is missing dependencies to run browsers. ║
    ║ Please install them with the following command:      ║
    ║                                                      ║
    ║     sudo npx playwright install-deps                 ║
    ║                                                      ║
    ║ Alternatively, use apt:                              ║
    ║     sudo apt-get install libnss3\                    ║
    ║         libnspr4                                     ║
    ║                                                      ║
    ║ <3 Playwright Team                                   ║
    ╚══════════════════════════════════════════════════════╝

    Error Context: ../../test-results/04-ui-ux-components-UI-UX--09d28--device-orientation-changes-chromium/error-context.md
]]>
</failure>
<system-out>
<![CDATA[
[[ATTACHMENT|../../test-results/04-ui-ux-components-UI-UX--09d28--device-orientation-changes-chromium/error-context.md]]
]]>
</system-out>
</testcase>
</testsuite>
<testsuite name="05-integration-performance.spec.ts" timestamp="2025-06-30T19:50:57.388Z" hostname="chromium" tests="15" failures="15" skipped="0" time="0.997" errors="0">
<testcase name="Integration &amp; Performance Testing › Supabase Integration › database operations performance" classname="05-integration-performance.spec.ts" time="0.087">
<failure message="05-integration-performance.spec.ts:16:9 database operations performance" type="FAILURE">
<![CDATA[  [chromium] › 05-integration-performance.spec.ts:16:9 › Integration & Performance Testing › Supabase Integration › database operations performance 

    Error: browserType.launch: 
    ╔══════════════════════════════════════════════════════╗
    ║ Host system is missing dependencies to run browsers. ║
    ║ Please install them with the following command:      ║
    ║                                                      ║
    ║     sudo npx playwright install-deps                 ║
    ║                                                      ║
    ║ Alternatively, use apt:                              ║
    ║     sudo apt-get install libnss3\                    ║
    ║         libnspr4                                     ║
    ║                                                      ║
    ║ <3 Playwright Team                                   ║
    ╚══════════════════════════════════════════════════════╝

    Error Context: ../../test-results/05-integration-performance-e6ac7-base-operations-performance-chromium/error-context.md
]]>
</failure>
<system-out>
<![CDATA[
[[ATTACHMENT|../../test-results/05-integration-performance-e6ac7-base-operations-performance-chromium/error-context.md]]
]]>
</system-out>
</testcase>
<testcase name="Integration &amp; Performance Testing › Supabase Integration › real-time subscriptions" classname="05-integration-performance.spec.ts" time="0.064">
<failure message="05-integration-performance.spec.ts:60:9 real-time subscriptions" type="FAILURE">
<![CDATA[  [chromium] › 05-integration-performance.spec.ts:60:9 › Integration & Performance Testing › Supabase Integration › real-time subscriptions 

    Error: browserType.launch: 
    ╔══════════════════════════════════════════════════════╗
    ║ Host system is missing dependencies to run browsers. ║
    ║ Please install them with the following command:      ║
    ║                                                      ║
    ║     sudo npx playwright install-deps                 ║
    ║                                                      ║
    ║ Alternatively, use apt:                              ║
    ║     sudo apt-get install libnss3\                    ║
    ║         libnspr4                                     ║
    ║                                                      ║
    ║ <3 Playwright Team                                   ║
    ╚══════════════════════════════════════════════════════╝

    Error Context: ../../test-results/05-integration-performance-cf3ae-ion-real-time-subscriptions-chromium/error-context.md
]]>
</failure>
<system-out>
<![CDATA[
[[ATTACHMENT|../../test-results/05-integration-performance-cf3ae-ion-real-time-subscriptions-chromium/error-context.md]]
]]>
</system-out>
</testcase>
<testcase name="Integration &amp; Performance Testing › Supabase Integration › file storage integration" classname="05-integration-performance.spec.ts" time="0.061">
<failure message="05-integration-performance.spec.ts:99:9 file storage integration" type="FAILURE">
<![CDATA[  [chromium] › 05-integration-performance.spec.ts:99:9 › Integration & Performance Testing › Supabase Integration › file storage integration 

    Error: browserType.launch: 
    ╔══════════════════════════════════════════════════════╗
    ║ Host system is missing dependencies to run browsers. ║
    ║ Please install them with the following command:      ║
    ║                                                      ║
    ║     sudo npx playwright install-deps                 ║
    ║                                                      ║
    ║ Alternatively, use apt:                              ║
    ║     sudo apt-get install libnss3\                    ║
    ║         libnspr4                                     ║
    ║                                                      ║
    ║ <3 Playwright Team                                   ║
    ╚══════════════════════════════════════════════════════╝

    Error Context: ../../test-results/05-integration-performance-8d3c4-on-file-storage-integration-chromium/error-context.md
]]>
</failure>
<system-out>
<![CDATA[
[[ATTACHMENT|../../test-results/05-integration-performance-8d3c4-on-file-storage-integration-chromium/error-context.md]]
]]>
</system-out>
</testcase>
<testcase name="Integration &amp; Performance Testing › SendGrid Email Integration › email delivery tracking" classname="05-integration-performance.spec.ts" time="0.065">
<failure message="05-integration-performance.spec.ts:131:9 email delivery tracking" type="FAILURE">
<![CDATA[  [chromium] › 05-integration-performance.spec.ts:131:9 › Integration & Performance Testing › SendGrid Email Integration › email delivery tracking 

    Error: browserType.launch: 
    ╔══════════════════════════════════════════════════════╗
    ║ Host system is missing dependencies to run browsers. ║
    ║ Please install them with the following command:      ║
    ║                                                      ║
    ║     sudo npx playwright install-deps                 ║
    ║                                                      ║
    ║ Alternatively, use apt:                              ║
    ║     sudo apt-get install libnss3\                    ║
    ║         libnspr4                                     ║
    ║                                                      ║
    ║ <3 Playwright Team                                   ║
    ╚══════════════════════════════════════════════════════╝

    Error Context: ../../test-results/05-integration-performance-b8686-ion-email-delivery-tracking-chromium/error-context.md
]]>
</failure>
<system-out>
<![CDATA[
[[ATTACHMENT|../../test-results/05-integration-performance-b8686-ion-email-delivery-tracking-chromium/error-context.md]]
]]>
</system-out>
</testcase>
<testcase name="Integration &amp; Performance Testing › SendGrid Email Integration › email template processing" classname="05-integration-performance.spec.ts" time="0.056">
<failure message="05-integration-performance.spec.ts:158:9 email template processing" type="FAILURE">
<![CDATA[  [chromium] › 05-integration-performance.spec.ts:158:9 › Integration & Performance Testing › SendGrid Email Integration › email template processing 

    Error: browserType.launch: 
    ╔══════════════════════════════════════════════════════╗
    ║ Host system is missing dependencies to run browsers. ║
    ║ Please install them with the following command:      ║
    ║                                                      ║
    ║     sudo npx playwright install-deps                 ║
    ║                                                      ║
    ║ Alternatively, use apt:                              ║
    ║     sudo apt-get install libnss3\                    ║
    ║         libnspr4                                     ║
    ║                                                      ║
    ║ <3 Playwright Team                                   ║
    ╚══════════════════════════════════════════════════════╝

    Error Context: ../../test-results/05-integration-performance-b5fe1-n-email-template-processing-chromium/error-context.md
]]>
</failure>
<system-out>
<![CDATA[
[[ATTACHMENT|../../test-results/05-integration-performance-b5fe1-n-email-template-processing-chromium/error-context.md]]
]]>
</system-out>
</testcase>
<testcase name="Integration &amp; Performance Testing › Mapbox Integration › map rendering performance" classname="05-integration-performance.spec.ts" time="0.069">
<failure message="05-integration-performance.spec.ts:187:9 map rendering performance" type="FAILURE">
<![CDATA[  [chromium] › 05-integration-performance.spec.ts:187:9 › Integration & Performance Testing › Mapbox Integration › map rendering performance 

    Error: browserType.launch: 
    ╔══════════════════════════════════════════════════════╗
    ║ Host system is missing dependencies to run browsers. ║
    ║ Please install them with the following command:      ║
    ║                                                      ║
    ║     sudo npx playwright install-deps                 ║
    ║                                                      ║
    ║ Alternatively, use apt:                              ║
    ║     sudo apt-get install libnss3\                    ║
    ║         libnspr4                                     ║
    ║                                                      ║
    ║ <3 Playwright Team                                   ║
    ╚══════════════════════════════════════════════════════╝

    Error Context: ../../test-results/05-integration-performance-d359f-n-map-rendering-performance-chromium/error-context.md
]]>
</failure>
<system-out>
<![CDATA[
[[ATTACHMENT|../../test-results/05-integration-performance-d359f-n-map-rendering-performance-chromium/error-context.md]]
]]>
</system-out>
</testcase>
<testcase name="Integration &amp; Performance Testing › Mapbox Integration › project location clustering" classname="05-integration-performance.spec.ts" time="0.062">
<failure message="05-integration-performance.spec.ts:217:9 project location clustering" type="FAILURE">
<![CDATA[  [chromium] › 05-integration-performance.spec.ts:217:9 › Integration & Performance Testing › Mapbox Integration › project location clustering 

    Error: browserType.launch: 
    ╔══════════════════════════════════════════════════════╗
    ║ Host system is missing dependencies to run browsers. ║
    ║ Please install them with the following command:      ║
    ║                                                      ║
    ║     sudo npx playwright install-deps                 ║
    ║                                                      ║
    ║ Alternatively, use apt:                              ║
    ║     sudo apt-get install libnss3\                    ║
    ║         libnspr4                                     ║
    ║                                                      ║
    ║ <3 Playwright Team                                   ║
    ╚══════════════════════════════════════════════════════╝

    Error Context: ../../test-results/05-integration-performance-d76af-project-location-clustering-chromium/error-context.md
]]>
</failure>
<system-out>
<![CDATA[
[[ATTACHMENT|../../test-results/05-integration-performance-d76af-project-location-clustering-chromium/error-context.md]]
]]>
</system-out>
</testcase>
<testcase name="Integration &amp; Performance Testing › Performance Benchmarks › page load performance metrics" classname="05-integration-performance.spec.ts" time="0.074">
<failure message="05-integration-performance.spec.ts:250:9 page load performance metrics" type="FAILURE">
<![CDATA[  [chromium] › 05-integration-performance.spec.ts:250:9 › Integration & Performance Testing › Performance Benchmarks › page load performance metrics 

    Error: browserType.launch: 
    ╔══════════════════════════════════════════════════════╗
    ║ Host system is missing dependencies to run browsers. ║
    ║ Please install them with the following command:      ║
    ║                                                      ║
    ║     sudo npx playwright install-deps                 ║
    ║                                                      ║
    ║ Alternatively, use apt:                              ║
    ║     sudo apt-get install libnss3\                    ║
    ║         libnspr4                                     ║
    ║                                                      ║
    ║ <3 Playwright Team                                   ║
    ╚══════════════════════════════════════════════════════╝

    Error Context: ../../test-results/05-integration-performance-1929d-ge-load-performance-metrics-chromium/error-context.md
]]>
</failure>
<system-out>
<![CDATA[
[[ATTACHMENT|../../test-results/05-integration-performance-1929d-ge-load-performance-metrics-chromium/error-context.md]]
]]>
</system-out>
</testcase>
<testcase name="Integration &amp; Performance Testing › Performance Benchmarks › concurrent user load testing" classname="05-integration-performance.spec.ts" time="0.065">
<failure message="05-integration-performance.spec.ts:281:9 concurrent user load testing" type="FAILURE">
<![CDATA[  [chromium] › 05-integration-performance.spec.ts:281:9 › Integration & Performance Testing › Performance Benchmarks › concurrent user load testing 

    Error: browserType.launch: 
    ╔══════════════════════════════════════════════════════╗
    ║ Host system is missing dependencies to run browsers. ║
    ║ Please install them with the following command:      ║
    ║                                                      ║
    ║     sudo npx playwright install-deps                 ║
    ║                                                      ║
    ║ Alternatively, use apt:                              ║
    ║     sudo apt-get install libnss3\                    ║
    ║         libnspr4                                     ║
    ║                                                      ║
    ║ <3 Playwright Team                                   ║
    ╚══════════════════════════════════════════════════════╝

    Error Context: ../../test-results/05-integration-performance-bcff9-oncurrent-user-load-testing-chromium/error-context.md
]]>
</failure>
<system-out>
<![CDATA[
[[ATTACHMENT|../../test-results/05-integration-performance-bcff9-oncurrent-user-load-testing-chromium/error-context.md]]
]]>
</system-out>
</testcase>
<testcase name="Integration &amp; Performance Testing › Performance Benchmarks › API endpoint performance" classname="05-integration-performance.spec.ts" time="0.069">
<failure message="05-integration-performance.spec.ts:311:9 API endpoint performance" type="FAILURE">
<![CDATA[  [chromium] › 05-integration-performance.spec.ts:311:9 › Integration & Performance Testing › Performance Benchmarks › API endpoint performance 

    Error: browserType.launch: 
    ╔══════════════════════════════════════════════════════╗
    ║ Host system is missing dependencies to run browsers. ║
    ║ Please install them with the following command:      ║
    ║                                                      ║
    ║     sudo npx playwright install-deps                 ║
    ║                                                      ║
    ║ Alternatively, use apt:                              ║
    ║     sudo apt-get install libnss3\                    ║
    ║         libnspr4                                     ║
    ║                                                      ║
    ║ <3 Playwright Team                                   ║
    ╚══════════════════════════════════════════════════════╝

    Error Context: ../../test-results/05-integration-performance-c63db-ks-API-endpoint-performance-chromium/error-context.md
]]>
</failure>
<system-out>
<![CDATA[
[[ATTACHMENT|../../test-results/05-integration-performance-c63db-ks-API-endpoint-performance-chromium/error-context.md]]
]]>
</system-out>
</testcase>
<testcase name="Integration &amp; Performance Testing › Performance Benchmarks › memory usage monitoring" classname="05-integration-performance.spec.ts" time="0.082">
<failure message="05-integration-performance.spec.ts:356:9 memory usage monitoring" type="FAILURE">
<![CDATA[  [chromium] › 05-integration-performance.spec.ts:356:9 › Integration & Performance Testing › Performance Benchmarks › memory usage monitoring 

    Error: browserType.launch: 
    ╔══════════════════════════════════════════════════════╗
    ║ Host system is missing dependencies to run browsers. ║
    ║ Please install them with the following command:      ║
    ║                                                      ║
    ║     sudo npx playwright install-deps                 ║
    ║                                                      ║
    ║ Alternatively, use apt:                              ║
    ║     sudo apt-get install libnss3\                    ║
    ║         libnspr4                                     ║
    ║                                                      ║
    ║ <3 Playwright Team                                   ║
    ╚══════════════════════════════════════════════════════╝

    Error Context: ../../test-results/05-integration-performance-d41f3-rks-memory-usage-monitoring-chromium/error-context.md
]]>
</failure>
<system-out>
<![CDATA[
[[ATTACHMENT|../../test-results/05-integration-performance-d41f3-rks-memory-usage-monitoring-chromium/error-context.md]]
]]>
</system-out>
</testcase>
<testcase name="Integration &amp; Performance Testing › File Upload/Download Performance › large file handling" classname="05-integration-performance.spec.ts" time="0.049">
<failure message="05-integration-performance.spec.ts:398:9 large file handling" type="FAILURE">
<![CDATA[  [chromium] › 05-integration-performance.spec.ts:398:9 › Integration & Performance Testing › File Upload/Download Performance › large file handling 

    Error: browserType.launch: 
    ╔══════════════════════════════════════════════════════╗
    ║ Host system is missing dependencies to run browsers. ║
    ║ Please install them with the following command:      ║
    ║                                                      ║
    ║     sudo npx playwright install-deps                 ║
    ║                                                      ║
    ║ Alternatively, use apt:                              ║
    ║     sudo apt-get install libnss3\                    ║
    ║         libnspr4                                     ║
    ║                                                      ║
    ║ <3 Playwright Team                                   ║
    ╚══════════════════════════════════════════════════════╝

    Error Context: ../../test-results/05-integration-performance-d897b-ormance-large-file-handling-chromium/error-context.md
]]>
</failure>
<system-out>
<![CDATA[
[[ATTACHMENT|../../test-results/05-integration-performance-d897b-ormance-large-file-handling-chromium/error-context.md]]
]]>
</system-out>
</testcase>
<testcase name="Integration &amp; Performance Testing › File Upload/Download Performance › concurrent file operations" classname="05-integration-performance.spec.ts" time="0.049">
<failure message="05-integration-performance.spec.ts:434:9 concurrent file operations" type="FAILURE">
<![CDATA[  [chromium] › 05-integration-performance.spec.ts:434:9 › Integration & Performance Testing › File Upload/Download Performance › concurrent file operations 

    Error: browserType.launch: 
    ╔══════════════════════════════════════════════════════╗
    ║ Host system is missing dependencies to run browsers. ║
    ║ Please install them with the following command:      ║
    ║                                                      ║
    ║     sudo npx playwright install-deps                 ║
    ║                                                      ║
    ║ Alternatively, use apt:                              ║
    ║     sudo apt-get install libnss3\                    ║
    ║         libnspr4                                     ║
    ║                                                      ║
    ║ <3 Playwright Team                                   ║
    ╚══════════════════════════════════════════════════════╝

    Error Context: ../../test-results/05-integration-performance-b3c85--concurrent-file-operations-chromium/error-context.md
]]>
</failure>
<system-out>
<![CDATA[
[[ATTACHMENT|../../test-results/05-integration-performance-b3c85--concurrent-file-operations-chromium/error-context.md]]
]]>
</system-out>
</testcase>
<testcase name="Integration &amp; Performance Testing › Database Query Performance › complex query performance" classname="05-integration-performance.spec.ts" time="0.08">
<failure message="05-integration-performance.spec.ts:487:9 complex query performance" type="FAILURE">
<![CDATA[  [chromium] › 05-integration-performance.spec.ts:487:9 › Integration & Performance Testing › Database Query Performance › complex query performance 

    Error: browserType.launch: 
    ╔══════════════════════════════════════════════════════╗
    ║ Host system is missing dependencies to run browsers. ║
    ║ Please install them with the following command:      ║
    ║                                                      ║
    ║     sudo npx playwright install-deps                 ║
    ║                                                      ║
    ║ Alternatively, use apt:                              ║
    ║     sudo apt-get install libnss3\                    ║
    ║         libnspr4                                     ║
    ║                                                      ║
    ║ <3 Playwright Team                                   ║
    ╚══════════════════════════════════════════════════════╝

    Error Context: ../../test-results/05-integration-performance-e0f12-e-complex-query-performance-chromium/error-context.md
]]>
</failure>
<system-out>
<![CDATA[
[[ATTACHMENT|../../test-results/05-integration-performance-e0f12-e-complex-query-performance-chromium/error-context.md]]
]]>
</system-out>
</testcase>
<testcase name="Integration &amp; Performance Testing › Database Query Performance › data export performance" classname="05-integration-performance.spec.ts" time="0.065">
<failure message="05-integration-performance.spec.ts:521:9 data export performance" type="FAILURE">
<![CDATA[  [chromium] › 05-integration-performance.spec.ts:521:9 › Integration & Performance Testing › Database Query Performance › data export performance 

    Error: browserType.launch: 
    ╔══════════════════════════════════════════════════════╗
    ║ Host system is missing dependencies to run browsers. ║
    ║ Please install them with the following command:      ║
    ║                                                      ║
    ║     sudo npx playwright install-deps                 ║
    ║                                                      ║
    ║ Alternatively, use apt:                              ║
    ║     sudo apt-get install libnss3\                    ║
    ║         libnspr4                                     ║
    ║                                                      ║
    ║ <3 Playwright Team                                   ║
    ╚══════════════════════════════════════════════════════╝

    Error Context: ../../test-results/05-integration-performance-f10ee-nce-data-export-performance-chromium/error-context.md
]]>
</failure>
<system-out>
<![CDATA[
[[ATTACHMENT|../../test-results/05-integration-performance-f10ee-nce-data-export-performance-chromium/error-context.md]]
]]>
</system-out>
</testcase>
</testsuite>
<testsuite name="debug-helper.spec.ts" timestamp="2025-06-30T19:50:57.388Z" hostname="chromium" tests="3" failures="3" skipped="0" time="0.185" errors="0">
<testcase name="Debug Helper - Check Environment › verify servers are running" classname="debug-helper.spec.ts" time="0.079">
<failure message="debug-helper.spec.ts:4:7 verify servers are running" type="FAILURE">
<![CDATA[  [chromium] › debug-helper.spec.ts:4:7 › Debug Helper - Check Environment › verify servers are running 

    Error: browserType.launch: 
    ╔══════════════════════════════════════════════════════╗
    ║ Host system is missing dependencies to run browsers. ║
    ║ Please install them with the following command:      ║
    ║                                                      ║
    ║     sudo npx playwright install-deps                 ║
    ║                                                      ║
    ║ Alternatively, use apt:                              ║
    ║     sudo apt-get install libnss3\                    ║
    ║         libnspr4                                     ║
    ║                                                      ║
    ║ <3 Playwright Team                                   ║
    ╚══════════════════════════════════════════════════════╝

    Error Context: ../../test-results/debug-helper-Debug-Helper--171b2--verify-servers-are-running-chromium/error-context.md
]]>
</failure>
<system-out>
<![CDATA[
[[ATTACHMENT|../../test-results/debug-helper-Debug-Helper--171b2--verify-servers-are-running-chromium/error-context.md]]
]]>
</system-out>
</testcase>
<testcase name="Debug Helper - Check Environment › check login page elements" classname="debug-helper.spec.ts" time="0.052">
<failure message="debug-helper.spec.ts:19:7 check login page elements" type="FAILURE">
<![CDATA[  [chromium] › debug-helper.spec.ts:19:7 › Debug Helper - Check Environment › check login page elements 

    Error: browserType.launch: 
    ╔══════════════════════════════════════════════════════╗
    ║ Host system is missing dependencies to run browsers. ║
    ║ Please install them with the following command:      ║
    ║                                                      ║
    ║     sudo npx playwright install-deps                 ║
    ║                                                      ║
    ║ Alternatively, use apt:                              ║
    ║     sudo apt-get install libnss3\                    ║
    ║         libnspr4                                     ║
    ║                                                      ║
    ║ <3 Playwright Team                                   ║
    ╚══════════════════════════════════════════════════════╝

    Error Context: ../../test-results/debug-helper-Debug-Helper--43cd6-t-check-login-page-elements-chromium/error-context.md
]]>
</failure>
<system-out>
<![CDATA[
[[ATTACHMENT|../../test-results/debug-helper-Debug-Helper--43cd6-t-check-login-page-elements-chromium/error-context.md]]
]]>
</system-out>
</testcase>
<testcase name="Debug Helper - Check Environment › check actual login flow" classname="debug-helper.spec.ts" time="0.054">
<failure message="debug-helper.spec.ts:63:7 check actual login flow" type="FAILURE">
<![CDATA[  [chromium] › debug-helper.spec.ts:63:7 › Debug Helper - Check Environment › check actual login flow 

    Error: browserType.launch: 
    ╔══════════════════════════════════════════════════════╗
    ║ Host system is missing dependencies to run browsers. ║
    ║ Please install them with the following command:      ║
    ║                                                      ║
    ║     sudo npx playwright install-deps                 ║
    ║                                                      ║
    ║ Alternatively, use apt:                              ║
    ║     sudo apt-get install libnss3\                    ║
    ║         libnspr4                                     ║
    ║                                                      ║
    ║ <3 Playwright Team                                   ║
    ╚══════════════════════════════════════════════════════╝

    Error Context: ../../test-results/debug-helper-Debug-Helper--91e8c-ent-check-actual-login-flow-chromium/error-context.md
]]>
</failure>
<system-out>
<![CDATA[
[[ATTACHMENT|../../test-results/debug-helper-Debug-Helper--91e8c-ent-check-actual-login-flow-chromium/error-context.md]]
]]>
</system-out>
</testcase>
</testsuite>
<testsuite name="00-simple-test.spec.ts" timestamp="2025-06-30T19:50:57.388Z" hostname="firefox" tests="2" failures="1" skipped="0" time="16.959" errors="0">
<testcase name="Simple Smoke Tests › frontend is accessible" classname="00-simple-test.spec.ts" time="6.893">
<system-out>
<![CDATA[Page title: HomeVerse - Affordable Housing Analytics
]]>
</system-out>
</testcase>
<testcase name="Simple Smoke Tests › login page loads" classname="00-simple-test.spec.ts" time="10.066">
<failure message="00-simple-test.spec.ts:16:7 login page loads" type="FAILURE">
<![CDATA[  [firefox] › 00-simple-test.spec.ts:16:7 › Simple Smoke Tests › login page loads ──────────────────

    Error: expect(received).toBeGreaterThan(expected)

    Expected: > 0
    Received:   0

      34 |     });
      35 |     
    > 36 |     expect(emailInput).toBeGreaterThan(0);
         |                        ^
      37 |     expect(passwordInput).toBeGreaterThan(0);
      38 |   });
      39 | });
        at /mnt/c/Users/12486/homeverse/frontend/tests/e2e/00-simple-test.spec.ts:36:24

    attachment #1: screenshot (image/png) ──────────────────────────────────────────────────────────
    test-results/00-simple-test-Simple-Smoke-Tests-login-page-loads-firefox/test-failed-1.png
    ────────────────────────────────────────────────────────────────────────────────────────────────

    Error Context: ../../test-results/00-simple-test-Simple-Smoke-Tests-login-page-loads-firefox/error-context.md
]]>
</failure>
<system-out>
<![CDATA[Found elements: { emailInputs: [33m0[39m, passwordInputs: [33m0[39m, submitButtons: [33m0[39m }

[[ATTACHMENT|../../test-results/00-simple-test-Simple-Smoke-Tests-login-page-loads-firefox/test-failed-1.png]]

[[ATTACHMENT|../../test-results/00-simple-test-Simple-Smoke-Tests-login-page-loads-firefox/error-context.md]]
]]>
</system-out>
</testcase>
</testsuite>
<testsuite name="01-user-journeys.spec.ts" timestamp="2025-06-30T19:50:57.388Z" hostname="firefox" tests="6" failures="6" skipped="0" time="78.456" errors="0">
<testcase name="Multi-Role User Journeys › Super Admin Journey › complete super admin workflow" classname="01-user-journeys.spec.ts" time="16.871">
<failure message="01-user-journeys.spec.ts:19:9 complete super admin workflow" type="FAILURE">
<![CDATA[  [firefox] › 01-user-journeys.spec.ts:19:9 › Multi-Role User Journeys › Super Admin Journey › complete super admin workflow 

    Error: page.fill: Target page, context or browser has been closed
    Call log:
      - waiting for locator('input[name="email"]')


       at ../helpers/auth.helper.ts:9

       7 |   async login(user: TestUser) {
       8 |     await this.page.goto('/login');
    >  9 |     await this.page.fill('input[name="email"]', user.email);
         |                     ^
      10 |     await this.page.fill('input[name="password"]', user.password);
      11 |     await this.page.click('button[type="submit"]');
      12 |     
        at AuthHelper.login (/mnt/c/Users/12486/homeverse/frontend/tests/helpers/auth.helper.ts:9:21)
        at /mnt/c/Users/12486/homeverse/frontend/tests/e2e/01-user-journeys.spec.ts:21:7

    attachment #1: video (video/webm) ──────────────────────────────────────────────────────────────
    test-results/01-user-journeys-Multi-Rol-e0c01-mplete-super-admin-workflow-firefox/video.webm
    ────────────────────────────────────────────────────────────────────────────────────────────────

    Error Context: ../../test-results/01-user-journeys-Multi-Rol-e0c01-mplete-super-admin-workflow-firefox/error-context.md
]]>
</failure>
<system-out>
<![CDATA[
[[ATTACHMENT|../../test-results/01-user-journeys-Multi-Rol-e0c01-mplete-super-admin-workflow-firefox/video.webm]]

[[ATTACHMENT|../../test-results/01-user-journeys-Multi-Rol-e0c01-mplete-super-admin-workflow-firefox/error-context.md]]
]]>
</system-out>
</testcase>
<testcase name="Multi-Role User Journeys › Company Admin Journey › complete company admin workflow" classname="01-user-journeys.spec.ts" time="30.26">
<failure message="01-user-journeys.spec.ts:63:9 complete company admin workflow" type="FAILURE">
<![CDATA[  [firefox] › 01-user-journeys.spec.ts:63:9 › Multi-Role User Journeys › Company Admin Journey › complete company admin workflow 

    Test timeout of 30000ms exceeded.

    Error: page.fill: Test timeout of 30000ms exceeded.
    Call log:
      - waiting for locator('input[name="email"]')


       at ../helpers/auth.helper.ts:9

       7 |   async login(user: TestUser) {
       8 |     await this.page.goto('/login');
    >  9 |     await this.page.fill('input[name="email"]', user.email);
         |                     ^
      10 |     await this.page.fill('input[name="password"]', user.password);
      11 |     await this.page.click('button[type="submit"]');
      12 |     
        at AuthHelper.login (/mnt/c/Users/12486/homeverse/frontend/tests/helpers/auth.helper.ts:9:21)
        at /mnt/c/Users/12486/homeverse/frontend/tests/e2e/01-user-journeys.spec.ts:65:7

    attachment #1: screenshot (image/png) ──────────────────────────────────────────────────────────
    test-results/01-user-journeys-Multi-Rol-01994-lete-company-admin-workflow-firefox/test-failed-1.png
    ────────────────────────────────────────────────────────────────────────────────────────────────

    Error Context: ../../test-results/01-user-journeys-Multi-Rol-01994-lete-company-admin-workflow-firefox/error-context.md
]]>
</failure>
<system-out>
<![CDATA[
[[ATTACHMENT|../../test-results/01-user-journeys-Multi-Rol-01994-lete-company-admin-workflow-firefox/test-failed-1.png]]

[[ATTACHMENT|../../test-results/01-user-journeys-Multi-Rol-01994-lete-company-admin-workflow-firefox/error-context.md]]
]]>
</system-out>
</testcase>
<testcase name="Multi-Role User Journeys › Manager Journey › complete manager workflow" classname="01-user-journeys.spec.ts" time="8.178">
<failure message="01-user-journeys.spec.ts:109:9 complete manager workflow" type="FAILURE">
<![CDATA[  [firefox] › 01-user-journeys.spec.ts:109:9 › Multi-Role User Journeys › Manager Journey › complete manager workflow 

    Error: page.fill: Target page, context or browser has been closed
    Call log:
      - waiting for locator('input[name="email"]')


       at ../helpers/auth.helper.ts:9

       7 |   async login(user: TestUser) {
       8 |     await this.page.goto('/login');
    >  9 |     await this.page.fill('input[name="email"]', user.email);
         |                     ^
      10 |     await this.page.fill('input[name="password"]', user.password);
      11 |     await this.page.click('button[type="submit"]');
      12 |     
        at AuthHelper.login (/mnt/c/Users/12486/homeverse/frontend/tests/helpers/auth.helper.ts:9:21)
        at /mnt/c/Users/12486/homeverse/frontend/tests/e2e/01-user-journeys.spec.ts:111:7

    attachment #1: video (video/webm) ──────────────────────────────────────────────────────────────
    test-results/01-user-journeys-Multi-Rol-0d65d-y-complete-manager-workflow-firefox/video.webm
    ────────────────────────────────────────────────────────────────────────────────────────────────

    Error Context: ../../test-results/01-user-journeys-Multi-Rol-0d65d-y-complete-manager-workflow-firefox/error-context.md
]]>
</failure>
<system-out>
<![CDATA[
[[ATTACHMENT|../../test-results/01-user-journeys-Multi-Rol-0d65d-y-complete-manager-workflow-firefox/video.webm]]

[[ATTACHMENT|../../test-results/01-user-journeys-Multi-Rol-0d65d-y-complete-manager-workflow-firefox/error-context.md]]
]]>
</system-out>
</testcase>
<testcase name="Multi-Role User Journeys › Staff Journey › complete staff workflow" classname="01-user-journeys.spec.ts" time="8.696">
<failure message="01-user-journeys.spec.ts:148:9 complete staff workflow" type="FAILURE">
<![CDATA[  [firefox] › 01-user-journeys.spec.ts:148:9 › Multi-Role User Journeys › Staff Journey › complete staff workflow 

    Error: page.fill: Target page, context or browser has been closed
    Call log:
      - waiting for locator('input[name="email"]')


       at ../helpers/auth.helper.ts:9

       7 |   async login(user: TestUser) {
       8 |     await this.page.goto('/login');
    >  9 |     await this.page.fill('input[name="email"]', user.email);
         |                     ^
      10 |     await this.page.fill('input[name="password"]', user.password);
      11 |     await this.page.click('button[type="submit"]');
      12 |     
        at AuthHelper.login (/mnt/c/Users/12486/homeverse/frontend/tests/helpers/auth.helper.ts:9:21)
        at /mnt/c/Users/12486/homeverse/frontend/tests/e2e/01-user-journeys.spec.ts:150:7

    attachment #1: video (video/webm) ──────────────────────────────────────────────────────────────
    test-results/01-user-journeys-Multi-Rol-b73c1-ney-complete-staff-workflow-firefox/video.webm
    ────────────────────────────────────────────────────────────────────────────────────────────────

    Error Context: ../../test-results/01-user-journeys-Multi-Rol-b73c1-ney-complete-staff-workflow-firefox/error-context.md
]]>
</failure>
<system-out>
<![CDATA[
[[ATTACHMENT|../../test-results/01-user-journeys-Multi-Rol-b73c1-ney-complete-staff-workflow-firefox/video.webm]]

[[ATTACHMENT|../../test-results/01-user-journeys-Multi-Rol-b73c1-ney-complete-staff-workflow-firefox/error-context.md]]
]]>
</system-out>
</testcase>
<testcase name="Multi-Role User Journeys › Applicant Journey › complete applicant workflow" classname="01-user-journeys.spec.ts" time="9.971">
<failure message="01-user-journeys.spec.ts:193:9 complete applicant workflow" type="FAILURE">
<![CDATA[  [firefox] › 01-user-journeys.spec.ts:193:9 › Multi-Role User Journeys › Applicant Journey › complete applicant workflow 

    Error: page.fill: Target page, context or browser has been closed
    Call log:
      - waiting for locator('input[name="name"]')


       at ../helpers/auth.helper.ts:42

      40 |     
      41 |     // Fill registration form
    > 42 |     await this.page.fill('input[name="name"]', user.name);
         |                     ^
      43 |     await this.page.fill('input[name="email"]', user.email);
      44 |     await this.page.fill('input[name="password"]', user.password);
      45 |     await this.page.fill('input[name="confirmPassword"]', user.password);
        at AuthHelper.register (/mnt/c/Users/12486/homeverse/frontend/tests/helpers/auth.helper.ts:42:21)
        at /mnt/c/Users/12486/homeverse/frontend/tests/e2e/01-user-journeys.spec.ts:195:7

    attachment #1: video (video/webm) ──────────────────────────────────────────────────────────────
    test-results/01-user-journeys-Multi-Rol-743ef-complete-applicant-workflow-firefox/video.webm
    ────────────────────────────────────────────────────────────────────────────────────────────────

    Error Context: ../../test-results/01-user-journeys-Multi-Rol-743ef-complete-applicant-workflow-firefox/error-context.md
]]>
</failure>
<system-out>
<![CDATA[
[[ATTACHMENT|../../test-results/01-user-journeys-Multi-Rol-743ef-complete-applicant-workflow-firefox/video.webm]]

[[ATTACHMENT|../../test-results/01-user-journeys-Multi-Rol-743ef-complete-applicant-workflow-firefox/error-context.md]]
]]>
</system-out>
</testcase>
<testcase name="Multi-Role User Journeys › cross-role collaboration workflow" classname="01-user-journeys.spec.ts" time="4.48">
<failure message="01-user-journeys.spec.ts:262:7 cross-role collaboration workflow" type="FAILURE">
<![CDATA[  [firefox] › 01-user-journeys.spec.ts:262:7 › Multi-Role User Journeys › cross-role collaboration workflow 

    Error: page.goto: Target page, context or browser has been closed
    Call log:
      - navigating to "http://localhost:3000/login", waiting until "load"


       at ../helpers/auth.helper.ts:8

       6 |
       7 |   async login(user: TestUser) {
    >  8 |     await this.page.goto('/login');
         |                     ^
       9 |     await this.page.fill('input[name="email"]', user.email);
      10 |     await this.page.fill('input[name="password"]', user.password);
      11 |     await this.page.click('button[type="submit"]');
        at AuthHelper.login (/mnt/c/Users/12486/homeverse/frontend/tests/helpers/auth.helper.ts:8:21)
        at /mnt/c/Users/12486/homeverse/frontend/tests/e2e/01-user-journeys.spec.ts:266:22

    attachment #1: video (video/webm) ──────────────────────────────────────────────────────────────
    test-results/01-user-journeys-Multi-Rol-57c31-role-collaboration-workflow-firefox/video.webm
    ────────────────────────────────────────────────────────────────────────────────────────────────

    Error Context: ../../test-results/01-user-journeys-Multi-Rol-57c31-role-collaboration-workflow-firefox/error-context.md
]]>
</failure>
<system-out>
<![CDATA[
[[ATTACHMENT|../../test-results/01-user-journeys-Multi-Rol-57c31-role-collaboration-workflow-firefox/video.webm]]

[[ATTACHMENT|../../test-results/01-user-journeys-Multi-Rol-57c31-role-collaboration-workflow-firefox/error-context.md]]
]]>
</system-out>
</testcase>
</testsuite>
<testsuite name="02-core-features.spec.ts" timestamp="2025-06-30T19:50:57.388Z" hostname="firefox" tests="13" failures="13" skipped="0" time="254.997" errors="0">
<testcase name="Core Feature Workflows › Authentication Flow › complete registration with email verification" classname="02-core-features.spec.ts" time="30.165">
<failure message="02-core-features.spec.ts:22:9 complete registration with email verification" type="FAILURE">
<![CDATA[  [firefox] › 02-core-features.spec.ts:22:9 › Core Feature Workflows › Authentication Flow › complete registration with email verification 

    Test timeout of 30000ms exceeded.

    Error: page.fill: Test timeout of 30000ms exceeded.
    Call log:
      - waiting for locator('input[name="name"]')


      25 |       
      26 |       // 2. Fill registration form
    > 27 |       await page.fill('input[name="name"]', 'Test User');
         |                  ^
      28 |       await page.fill('input[name="email"]', 'testuser@example.com');
      29 |       await page.fill('input[name="password"]', 'SecurePass123!');
      30 |       await page.fill('input[name="confirmPassword"]', 'SecurePass123!');
        at /mnt/c/Users/12486/homeverse/frontend/tests/e2e/02-core-features.spec.ts:27:18

    attachment #1: screenshot (image/png) ──────────────────────────────────────────────────────────
    test-results/02-core-features-Core-Feat-f70a0-ion-with-email-verification-firefox/test-failed-1.png
    ────────────────────────────────────────────────────────────────────────────────────────────────

    Error Context: ../../test-results/02-core-features-Core-Feat-f70a0-ion-with-email-verification-firefox/error-context.md
]]>
</failure>
<system-out>
<![CDATA[
[[ATTACHMENT|../../test-results/02-core-features-Core-Feat-f70a0-ion-with-email-verification-firefox/test-failed-1.png]]

[[ATTACHMENT|../../test-results/02-core-features-Core-Feat-f70a0-ion-with-email-verification-firefox/error-context.md]]
]]>
</system-out>
</testcase>
<testcase name="Core Feature Workflows › Authentication Flow › password reset flow" classname="02-core-features.spec.ts" time="6.705">
<failure message="02-core-features.spec.ts:57:9 password reset flow" type="FAILURE">
<![CDATA[  [firefox] › 02-core-features.spec.ts:57:9 › Core Feature Workflows › Authentication Flow › password reset flow 

    Error: page.click: Target page, context or browser has been closed
    Call log:
      - waiting for locator('a:has-text("Forgot password")')


      58 |       // 1. Go to login and click forgot password
      59 |       await page.goto('/login');
    > 60 |       await page.click('a:has-text("Forgot password")');
         |                  ^
      61 |       
      62 |       // 2. Enter email
      63 |       await page.fill('input[name="email"]', 'developer@test.com');
        at /mnt/c/Users/12486/homeverse/frontend/tests/e2e/02-core-features.spec.ts:60:18

    attachment #1: video (video/webm) ──────────────────────────────────────────────────────────────
    test-results/02-core-features-Core-Feat-8e742-on-Flow-password-reset-flow-firefox/video.webm
    ────────────────────────────────────────────────────────────────────────────────────────────────

    Error Context: ../../test-results/02-core-features-Core-Feat-8e742-on-Flow-password-reset-flow-firefox/error-context.md
]]>
</failure>
<system-out>
<![CDATA[
[[ATTACHMENT|../../test-results/02-core-features-Core-Feat-8e742-on-Flow-password-reset-flow-firefox/video.webm]]

[[ATTACHMENT|../../test-results/02-core-features-Core-Feat-8e742-on-Flow-password-reset-flow-firefox/error-context.md]]
]]>
</system-out>
</testcase>
<testcase name="Core Feature Workflows › Authentication Flow › session management and timeout" classname="02-core-features.spec.ts" time="30.206">
<failure message="02-core-features.spec.ts:82:9 session management and timeout" type="FAILURE">
<![CDATA[  [firefox] › 02-core-features.spec.ts:82:9 › Core Feature Workflows › Authentication Flow › session management and timeout 

    Test timeout of 30000ms exceeded.

    Error: page.fill: Test timeout of 30000ms exceeded.
    Call log:
      - waiting for locator('input[name="email"]')


       at ../helpers/auth.helper.ts:9

       7 |   async login(user: TestUser) {
       8 |     await this.page.goto('/login');
    >  9 |     await this.page.fill('input[name="email"]', user.email);
         |                     ^
      10 |     await this.page.fill('input[name="password"]', user.password);
      11 |     await this.page.click('button[type="submit"]');
      12 |     
        at AuthHelper.login (/mnt/c/Users/12486/homeverse/frontend/tests/helpers/auth.helper.ts:9:21)
        at /mnt/c/Users/12486/homeverse/frontend/tests/e2e/02-core-features.spec.ts:84:7

    attachment #1: screenshot (image/png) ──────────────────────────────────────────────────────────
    test-results/02-core-features-Core-Feat-726a3-sion-management-and-timeout-firefox/test-failed-1.png
    ────────────────────────────────────────────────────────────────────────────────────────────────

    Error Context: ../../test-results/02-core-features-Core-Feat-726a3-sion-management-and-timeout-firefox/error-context.md
]]>
</failure>
<system-out>
<![CDATA[
[[ATTACHMENT|../../test-results/02-core-features-Core-Feat-726a3-sion-management-and-timeout-firefox/test-failed-1.png]]

[[ATTACHMENT|../../test-results/02-core-features-Core-Feat-726a3-sion-management-and-timeout-firefox/error-context.md]]
]]>
</system-out>
</testcase>
<testcase name="Core Feature Workflows › Applicant Management › complete CRUD operations" classname="02-core-features.spec.ts" time="8.436">
<failure message="02-core-features.spec.ts:107:9 complete CRUD operations" type="FAILURE">
<![CDATA[  [firefox] › 02-core-features.spec.ts:107:9 › Core Feature Workflows › Applicant Management › complete CRUD operations 

    Error: page.fill: Target page, context or browser has been closed
    Call log:
      - waiting for locator('input[name="email"]')


       at ../helpers/auth.helper.ts:9

       7 |   async login(user: TestUser) {
       8 |     await this.page.goto('/login');
    >  9 |     await this.page.fill('input[name="email"]', user.email);
         |                     ^
      10 |     await this.page.fill('input[name="password"]', user.password);
      11 |     await this.page.click('button[type="submit"]');
      12 |     
        at AuthHelper.login (/mnt/c/Users/12486/homeverse/frontend/tests/helpers/auth.helper.ts:9:21)
        at /mnt/c/Users/12486/homeverse/frontend/tests/e2e/02-core-features.spec.ts:104:7

    attachment #1: video (video/webm) ──────────────────────────────────────────────────────────────
    test-results/02-core-features-Core-Feat-3b43f-nt-complete-CRUD-operations-firefox/video.webm
    ────────────────────────────────────────────────────────────────────────────────────────────────

    Error Context: ../../test-results/02-core-features-Core-Feat-3b43f-nt-complete-CRUD-operations-firefox/error-context.md
]]>
</failure>
<system-out>
<![CDATA[
[[ATTACHMENT|../../test-results/02-core-features-Core-Feat-3b43f-nt-complete-CRUD-operations-firefox/video.webm]]

[[ATTACHMENT|../../test-results/02-core-features-Core-Feat-3b43f-nt-complete-CRUD-operations-firefox/error-context.md]]
]]>
</system-out>
</testcase>
<testcase name="Core Feature Workflows › Applicant Management › search and filter functionality" classname="02-core-features.spec.ts" time="24.613">
<failure message="02-core-features.spec.ts:143:9 search and filter functionality" type="FAILURE">
<![CDATA[  [firefox] › 02-core-features.spec.ts:143:9 › Core Feature Workflows › Applicant Management › search and filter functionality 

    Error: page.fill: Target page, context or browser has been closed
    Call log:
      - waiting for locator('input[name="email"]')


       at ../helpers/auth.helper.ts:9

       7 |   async login(user: TestUser) {
       8 |     await this.page.goto('/login');
    >  9 |     await this.page.fill('input[name="email"]', user.email);
         |                     ^
      10 |     await this.page.fill('input[name="password"]', user.password);
      11 |     await this.page.click('button[type="submit"]');
      12 |     
        at AuthHelper.login (/mnt/c/Users/12486/homeverse/frontend/tests/helpers/auth.helper.ts:9:21)
        at /mnt/c/Users/12486/homeverse/frontend/tests/e2e/02-core-features.spec.ts:104:7

    attachment #1: video (video/webm) ──────────────────────────────────────────────────────────────
    test-results/02-core-features-Core-Feat-3a5b6-ch-and-filter-functionality-firefox/video.webm
    ────────────────────────────────────────────────────────────────────────────────────────────────

    Error Context: ../../test-results/02-core-features-Core-Feat-3a5b6-ch-and-filter-functionality-firefox/error-context.md
]]>
</failure>
<system-out>
<![CDATA[
[[ATTACHMENT|../../test-results/02-core-features-Core-Feat-3a5b6-ch-and-filter-functionality-firefox/video.webm]]

[[ATTACHMENT|../../test-results/02-core-features-Core-Feat-3a5b6-ch-and-filter-functionality-firefox/error-context.md]]
]]>
</system-out>
</testcase>
<testcase name="Core Feature Workflows › Applicant Management › bulk operations" classname="02-core-features.spec.ts" time="19.825">
<failure message="02-core-features.spec.ts:173:9 bulk operations" type="FAILURE">
<![CDATA[  [firefox] › 02-core-features.spec.ts:173:9 › Core Feature Workflows › Applicant Management › bulk operations 

    Error: page.fill: Target page, context or browser has been closed
    Call log:
      - waiting for locator('input[name="email"]')


       at ../helpers/auth.helper.ts:9

       7 |   async login(user: TestUser) {
       8 |     await this.page.goto('/login');
    >  9 |     await this.page.fill('input[name="email"]', user.email);
         |                     ^
      10 |     await this.page.fill('input[name="password"]', user.password);
      11 |     await this.page.click('button[type="submit"]');
      12 |     
        at AuthHelper.login (/mnt/c/Users/12486/homeverse/frontend/tests/helpers/auth.helper.ts:9:21)
        at /mnt/c/Users/12486/homeverse/frontend/tests/e2e/02-core-features.spec.ts:104:7

    attachment #1: video (video/webm) ──────────────────────────────────────────────────────────────
    test-results/02-core-features-Core-Feat-cd951--Management-bulk-operations-firefox/video.webm
    ────────────────────────────────────────────────────────────────────────────────────────────────

    Error Context: ../../test-results/02-core-features-Core-Feat-cd951--Management-bulk-operations-firefox/error-context.md
]]>
</failure>
<system-out>
<![CDATA[
[[ATTACHMENT|../../test-results/02-core-features-Core-Feat-cd951--Management-bulk-operations-firefox/video.webm]]

[[ATTACHMENT|../../test-results/02-core-features-Core-Feat-cd951--Management-bulk-operations-firefox/error-context.md]]
]]>
</system-out>
</testcase>
<testcase name="Core Feature Workflows › Project Management › create and edit project with all details" classname="02-core-features.spec.ts" time="16.364">
<failure message="02-core-features.spec.ts:195:9 create and edit project with all details" type="FAILURE">
<![CDATA[  [firefox] › 02-core-features.spec.ts:195:9 › Core Feature Workflows › Project Management › create and edit project with all details 

    Error: page.fill: Target page, context or browser has been closed
    Call log:
      - waiting for locator('input[name="email"]')


       at ../helpers/auth.helper.ts:9

       7 |   async login(user: TestUser) {
       8 |     await this.page.goto('/login');
    >  9 |     await this.page.fill('input[name="email"]', user.email);
         |                     ^
      10 |     await this.page.fill('input[name="password"]', user.password);
      11 |     await this.page.click('button[type="submit"]');
      12 |     
        at AuthHelper.login (/mnt/c/Users/12486/homeverse/frontend/tests/helpers/auth.helper.ts:9:21)
        at /mnt/c/Users/12486/homeverse/frontend/tests/e2e/02-core-features.spec.ts:192:7

    attachment #1: video (video/webm) ──────────────────────────────────────────────────────────────
    test-results/02-core-features-Core-Feat-5e65c-it-project-with-all-details-firefox/video.webm
    ────────────────────────────────────────────────────────────────────────────────────────────────

    Error Context: ../../test-results/02-core-features-Core-Feat-5e65c-it-project-with-all-details-firefox/error-context.md
]]>
</failure>
<system-out>
<![CDATA[
[[ATTACHMENT|../../test-results/02-core-features-Core-Feat-5e65c-it-project-with-all-details-firefox/video.webm]]

[[ATTACHMENT|../../test-results/02-core-features-Core-Feat-5e65c-it-project-with-all-details-firefox/error-context.md]]
]]>
</system-out>
</testcase>
<testcase name="Core Feature Workflows › Project Management › project visibility and publishing" classname="02-core-features.spec.ts" time="30.352">
<failure message="02-core-features.spec.ts:219:9 project visibility and publishing" type="FAILURE">
<![CDATA[  [firefox] › 02-core-features.spec.ts:219:9 › Core Feature Workflows › Project Management › project visibility and publishing 

    Test timeout of 30000ms exceeded while running "beforeEach" hook.

      189 |
      190 |   test.describe('Project Management', () => {
    > 191 |     test.beforeEach(async ({ page }) => {
          |          ^
      192 |       await authHelper.login(testUsers.developer);
      193 |     });
      194 |
        at /mnt/c/Users/12486/homeverse/frontend/tests/e2e/02-core-features.spec.ts:191:10

    Error: page.fill: Test timeout of 30000ms exceeded.
    Call log:
      - waiting for locator('input[name="email"]')


       at ../helpers/auth.helper.ts:9

       7 |   async login(user: TestUser) {
       8 |     await this.page.goto('/login');
    >  9 |     await this.page.fill('input[name="email"]', user.email);
         |                     ^
      10 |     await this.page.fill('input[name="password"]', user.password);
      11 |     await this.page.click('button[type="submit"]');
      12 |     
        at AuthHelper.login (/mnt/c/Users/12486/homeverse/frontend/tests/helpers/auth.helper.ts:9:21)
        at /mnt/c/Users/12486/homeverse/frontend/tests/e2e/02-core-features.spec.ts:192:7

    attachment #1: screenshot (image/png) ──────────────────────────────────────────────────────────
    test-results/02-core-features-Core-Feat-aa148-t-visibility-and-publishing-firefox/test-failed-1.png
    ────────────────────────────────────────────────────────────────────────────────────────────────

    Error Context: ../../test-results/02-core-features-Core-Feat-aa148-t-visibility-and-publishing-firefox/error-context.md
]]>
</failure>
<system-out>
<![CDATA[
[[ATTACHMENT|../../test-results/02-core-features-Core-Feat-aa148-t-visibility-and-publishing-firefox/test-failed-1.png]]

[[ATTACHMENT|../../test-results/02-core-features-Core-Feat-aa148-t-visibility-and-publishing-firefox/error-context.md]]
]]>
</system-out>
</testcase>
<testcase name="Core Feature Workflows › Application Process › complete application workflow" classname="02-core-features.spec.ts" time="13.735">
<failure message="02-core-features.spec.ts:244:9 complete application workflow" type="FAILURE">
<![CDATA[  [firefox] › 02-core-features.spec.ts:244:9 › Core Feature Workflows › Application Process › complete application workflow 

    Error: page.fill: Target page, context or browser has been closed
    Call log:
      - waiting for locator('input[name="email"]')


       at ../helpers/auth.helper.ts:9

       7 |   async login(user: TestUser) {
       8 |     await this.page.goto('/login');
    >  9 |     await this.page.fill('input[name="email"]', user.email);
         |                     ^
      10 |     await this.page.fill('input[name="password"]', user.password);
      11 |     await this.page.click('button[type="submit"]');
      12 |     
        at AuthHelper.login (/mnt/c/Users/12486/homeverse/frontend/tests/helpers/auth.helper.ts:9:21)
        at /mnt/c/Users/12486/homeverse/frontend/tests/e2e/02-core-features.spec.ts:246:7

    attachment #1: video (video/webm) ──────────────────────────────────────────────────────────────
    test-results/02-core-features-Core-Feat-2119c-mplete-application-workflow-firefox/video.webm
    ────────────────────────────────────────────────────────────────────────────────────────────────

    Error Context: ../../test-results/02-core-features-Core-Feat-2119c-mplete-application-workflow-firefox/error-context.md
]]>
</failure>
<system-out>
<![CDATA[
[[ATTACHMENT|../../test-results/02-core-features-Core-Feat-2119c-mplete-application-workflow-firefox/video.webm]]

[[ATTACHMENT|../../test-results/02-core-features-Core-Feat-2119c-mplete-application-workflow-firefox/error-context.md]]
]]>
</system-out>
</testcase>
<testcase name="Core Feature Workflows › File Management › upload and download documents" classname="02-core-features.spec.ts" time="30.148">
<failure message="02-core-features.spec.ts:334:9 upload and download documents" type="FAILURE">
<![CDATA[  [firefox] › 02-core-features.spec.ts:334:9 › Core Feature Workflows › File Management › upload and download documents 

    Test timeout of 30000ms exceeded while running "beforeEach" hook.

      328 |
      329 |   test.describe('File Management', () => {
    > 330 |     test.beforeEach(async ({ page }) => {
          |          ^
      331 |       await authHelper.login(testUsers.staff);
      332 |     });
      333 |
        at /mnt/c/Users/12486/homeverse/frontend/tests/e2e/02-core-features.spec.ts:330:10

    Error: page.fill: Test timeout of 30000ms exceeded.
    Call log:
      - waiting for locator('input[name="email"]')


       at ../helpers/auth.helper.ts:9

       7 |   async login(user: TestUser) {
       8 |     await this.page.goto('/login');
    >  9 |     await this.page.fill('input[name="email"]', user.email);
         |                     ^
      10 |     await this.page.fill('input[name="password"]', user.password);
      11 |     await this.page.click('button[type="submit"]');
      12 |     
        at AuthHelper.login (/mnt/c/Users/12486/homeverse/frontend/tests/helpers/auth.helper.ts:9:21)
        at /mnt/c/Users/12486/homeverse/frontend/tests/e2e/02-core-features.spec.ts:331:7

    attachment #1: screenshot (image/png) ──────────────────────────────────────────────────────────
    test-results/02-core-features-Core-Feat-19268-load-and-download-documents-firefox/test-failed-1.png
    ────────────────────────────────────────────────────────────────────────────────────────────────

    Error Context: ../../test-results/02-core-features-Core-Feat-19268-load-and-download-documents-firefox/error-context.md
]]>
</failure>
<system-out>
<![CDATA[
[[ATTACHMENT|../../test-results/02-core-features-Core-Feat-19268-load-and-download-documents-firefox/test-failed-1.png]]

[[ATTACHMENT|../../test-results/02-core-features-Core-Feat-19268-load-and-download-documents-firefox/error-context.md]]
]]>
</system-out>
</testcase>
<testcase name="Core Feature Workflows › File Management › file encryption verification" classname="02-core-features.spec.ts" time="30.185">
<failure message="02-core-features.spec.ts:362:9 file encryption verification" type="FAILURE">
<![CDATA[  [firefox] › 02-core-features.spec.ts:362:9 › Core Feature Workflows › File Management › file encryption verification 

    Test timeout of 30000ms exceeded while running "beforeEach" hook.

      328 |
      329 |   test.describe('File Management', () => {
    > 330 |     test.beforeEach(async ({ page }) => {
          |          ^
      331 |       await authHelper.login(testUsers.staff);
      332 |     });
      333 |
        at /mnt/c/Users/12486/homeverse/frontend/tests/e2e/02-core-features.spec.ts:330:10

    Error: page.fill: Test timeout of 30000ms exceeded.
    Call log:
      - waiting for locator('input[name="email"]')


       at ../helpers/auth.helper.ts:9

       7 |   async login(user: TestUser) {
       8 |     await this.page.goto('/login');
    >  9 |     await this.page.fill('input[name="email"]', user.email);
         |                     ^
      10 |     await this.page.fill('input[name="password"]', user.password);
      11 |     await this.page.click('button[type="submit"]');
      12 |     
        at AuthHelper.login (/mnt/c/Users/12486/homeverse/frontend/tests/helpers/auth.helper.ts:9:21)
        at /mnt/c/Users/12486/homeverse/frontend/tests/e2e/02-core-features.spec.ts:331:7

    attachment #1: screenshot (image/png) ──────────────────────────────────────────────────────────
    test-results/02-core-features-Core-Feat-0eb2b-ile-encryption-verification-firefox/test-failed-1.png
    ────────────────────────────────────────────────────────────────────────────────────────────────

    Error Context: ../../test-results/02-core-features-Core-Feat-0eb2b-ile-encryption-verification-firefox/error-context.md
]]>
</failure>
<system-out>
<![CDATA[
[[ATTACHMENT|../../test-results/02-core-features-Core-Feat-0eb2b-ile-encryption-verification-firefox/test-failed-1.png]]

[[ATTACHMENT|../../test-results/02-core-features-Core-Feat-0eb2b-ile-encryption-verification-firefox/error-context.md]]
]]>
</system-out>
</testcase>
<testcase name="Core Feature Workflows › Communication Features › email notifications workflow" classname="02-core-features.spec.ts" time="9.171">
<failure message="02-core-features.spec.ts:369:9 email notifications workflow" type="FAILURE">
<![CDATA[  [firefox] › 02-core-features.spec.ts:369:9 › Core Feature Workflows › Communication Features › email notifications workflow 

    Error: page.fill: Target page, context or browser has been closed
    Call log:
      - waiting for locator('input[name="email"]')


       at ../helpers/auth.helper.ts:9

       7 |   async login(user: TestUser) {
       8 |     await this.page.goto('/login');
    >  9 |     await this.page.fill('input[name="email"]', user.email);
         |                     ^
      10 |     await this.page.fill('input[name="password"]', user.password);
      11 |     await this.page.click('button[type="submit"]');
      12 |     
        at AuthHelper.login (/mnt/c/Users/12486/homeverse/frontend/tests/helpers/auth.helper.ts:9:21)
        at /mnt/c/Users/12486/homeverse/frontend/tests/e2e/02-core-features.spec.ts:370:7

    attachment #1: video (video/webm) ──────────────────────────────────────────────────────────────
    test-results/02-core-features-Core-Feat-84438-mail-notifications-workflow-firefox/video.webm
    ────────────────────────────────────────────────────────────────────────────────────────────────

    Error Context: ../../test-results/02-core-features-Core-Feat-84438-mail-notifications-workflow-firefox/error-context.md
]]>
</failure>
<system-out>
<![CDATA[
[[ATTACHMENT|../../test-results/02-core-features-Core-Feat-84438-mail-notifications-workflow-firefox/video.webm]]

[[ATTACHMENT|../../test-results/02-core-features-Core-Feat-84438-mail-notifications-workflow-firefox/error-context.md]]
]]>
</system-out>
</testcase>
<testcase name="Core Feature Workflows › Communication Features › in-app notifications" classname="02-core-features.spec.ts" time="5.092">
<failure message="02-core-features.spec.ts:394:9 in-app notifications" type="FAILURE">
<![CDATA[  [firefox] › 02-core-features.spec.ts:394:9 › Core Feature Workflows › Communication Features › in-app notifications 

    Error: page.fill: Target page, context or browser has been closed
    Call log:
      - waiting for locator('input[name="email"]')


       at ../helpers/auth.helper.ts:9

       7 |   async login(user: TestUser) {
       8 |     await this.page.goto('/login');
    >  9 |     await this.page.fill('input[name="email"]', user.email);
         |                     ^
      10 |     await this.page.fill('input[name="password"]', user.password);
      11 |     await this.page.click('button[type="submit"]');
      12 |     
        at AuthHelper.login (/mnt/c/Users/12486/homeverse/frontend/tests/helpers/auth.helper.ts:9:21)
        at /mnt/c/Users/12486/homeverse/frontend/tests/e2e/02-core-features.spec.ts:395:7

    attachment #1: video (video/webm) ──────────────────────────────────────────────────────────────
    test-results/02-core-features-Core-Feat-9f346-atures-in-app-notifications-firefox/video.webm
    ────────────────────────────────────────────────────────────────────────────────────────────────

    Error Context: ../../test-results/02-core-features-Core-Feat-9f346-atures-in-app-notifications-firefox/error-context.md
]]>
</failure>
<system-out>
<![CDATA[
[[ATTACHMENT|../../test-results/02-core-features-Core-Feat-9f346-atures-in-app-notifications-firefox/video.webm]]

[[ATTACHMENT|../../test-results/02-core-features-Core-Feat-9f346-atures-in-app-notifications-firefox/error-context.md]]
]]>
</system-out>
</testcase>
</testsuite>
<testsuite name="03-security-features.spec.ts" timestamp="2025-06-30T19:50:57.388Z" hostname="firefox" tests="15" failures="4" skipped="11" time="28.801" errors="0">
<testcase name="Security Feature Validation › Rate Limiting › login attempts rate limiting" classname="03-security-features.spec.ts" time="2.61">
<failure message="03-security-features.spec.ts:13:9 login attempts rate limiting" type="FAILURE">
<![CDATA[  [firefox] › 03-security-features.spec.ts:13:9 › Security Feature Validation › Rate Limiting › login attempts rate limiting 

    Error: page.goto: Target page, context or browser has been closed
    Call log:
      - navigating to "http://localhost:3000/login", waiting until "load"


      19 |       // Attempt multiple failed logins
      20 |       for (let i = 0; i < 6; i++) {
    > 21 |         await page.goto('/login');
         |                    ^
      22 |         await page.fill('input[name="email"]', invalidCredentials.email);
      23 |         await page.fill('input[name="password"]', invalidCredentials.password);
      24 |         await page.click('button[type="submit"]');
        at /mnt/c/Users/12486/homeverse/frontend/tests/e2e/03-security-features.spec.ts:21:20

    attachment #1: video (video/webm) ──────────────────────────────────────────────────────────────
    test-results/03-security-features-Secur-3819a-ogin-attempts-rate-limiting-firefox/video.webm
    ────────────────────────────────────────────────────────────────────────────────────────────────

    Error Context: ../../test-results/03-security-features-Secur-3819a-ogin-attempts-rate-limiting-firefox/error-context.md
]]>
</failure>
<system-out>
<![CDATA[
[[ATTACHMENT|../../test-results/03-security-features-Secur-3819a-ogin-attempts-rate-limiting-firefox/video.webm]]

[[ATTACHMENT|../../test-results/03-security-features-Secur-3819a-ogin-attempts-rate-limiting-firefox/error-context.md]]
]]>
</system-out>
</testcase>
<testcase name="Security Feature Validation › Rate Limiting › API endpoint rate limiting" classname="03-security-features.spec.ts" time="2.411">
<failure message="03-security-features.spec.ts:43:9 API endpoint rate limiting" type="FAILURE">
<![CDATA[  [firefox] › 03-security-features.spec.ts:43:9 › Security Feature Validation › Rate Limiting › API endpoint rate limiting 

    Error: page.goto: Target page, context or browser has been closed
    Call log:
      - navigating to "http://localhost:3000/login", waiting until "load"


       at ../helpers/auth.helper.ts:8

       6 |
       7 |   async login(user: TestUser) {
    >  8 |     await this.page.goto('/login');
         |                     ^
       9 |     await this.page.fill('input[name="email"]', user.email);
      10 |     await this.page.fill('input[name="password"]', user.password);
      11 |     await this.page.click('button[type="submit"]');
        at AuthHelper.login (/mnt/c/Users/12486/homeverse/frontend/tests/helpers/auth.helper.ts:8:21)
        at /mnt/c/Users/12486/homeverse/frontend/tests/e2e/03-security-features.spec.ts:44:24

    attachment #1: video (video/webm) ──────────────────────────────────────────────────────────────
    test-results/03-security-features-Secur-3eee9--API-endpoint-rate-limiting-firefox/video.webm
    ────────────────────────────────────────────────────────────────────────────────────────────────

    Error Context: ../../test-results/03-security-features-Secur-3eee9--API-endpoint-rate-limiting-firefox/error-context.md
]]>
</failure>
<system-out>
<![CDATA[
[[ATTACHMENT|../../test-results/03-security-features-Secur-3eee9--API-endpoint-rate-limiting-firefox/video.webm]]

[[ATTACHMENT|../../test-results/03-security-features-Secur-3eee9--API-endpoint-rate-limiting-firefox/error-context.md]]
]]>
</system-out>
</testcase>
<testcase name="Security Feature Validation › PII Encryption › verify PII data is encrypted in transit" classname="03-security-features.spec.ts" time="8.628">
<skipped>
</skipped>
</testcase>
<testcase name="Security Feature Validation › PII Encryption › verify PII is masked in UI" classname="03-security-features.spec.ts" time="7.59">
<skipped>
</skipped>
</testcase>
<testcase name="Security Feature Validation › Role-Based Access Control › verify role restrictions are enforced" classname="03-security-features.spec.ts" time="4.956">
<failure message="03-security-features.spec.ts:140:9 verify role restrictions are enforced" type="FAILURE">
<![CDATA[  [firefox] › 03-security-features.spec.ts:140:9 › Security Feature Validation › Role-Based Access Control › verify role restrictions are enforced 

    Error: page.fill: Target page, context or browser has been closed
    Call log:
      - waiting for locator('input[name="email"]')


       at ../helpers/auth.helper.ts:9

       7 |   async login(user: TestUser) {
       8 |     await this.page.goto('/login');
    >  9 |     await this.page.fill('input[name="email"]', user.email);
         |                     ^
      10 |     await this.page.fill('input[name="password"]', user.password);
      11 |     await this.page.click('button[type="submit"]');
      12 |     
        at AuthHelper.login (/mnt/c/Users/12486/homeverse/frontend/tests/helpers/auth.helper.ts:9:21)
        at /mnt/c/Users/12486/homeverse/frontend/tests/e2e/03-security-features.spec.ts:161:9

    attachment #1: video (video/webm) ──────────────────────────────────────────────────────────────
    test-results/03-security-features-Secur-ab296-e-restrictions-are-enforced-firefox/video.webm
    ────────────────────────────────────────────────────────────────────────────────────────────────

    Error Context: ../../test-results/03-security-features-Secur-ab296-e-restrictions-are-enforced-firefox/error-context.md
]]>
</failure>
<system-out>
<![CDATA[
[[ATTACHMENT|../../test-results/03-security-features-Secur-ab296-e-restrictions-are-enforced-firefox/video.webm]]

[[ATTACHMENT|../../test-results/03-security-features-Secur-ab296-e-restrictions-are-enforced-firefox/error-context.md]]
]]>
</system-out>
</testcase>
<testcase name="Security Feature Validation › Role-Based Access Control › verify API endpoint authorization" classname="03-security-features.spec.ts" time="2.417">
<failure message="03-security-features.spec.ts:181:9 verify API endpoint authorization" type="FAILURE">
<![CDATA[  [firefox] › 03-security-features.spec.ts:181:9 › Security Feature Validation › Role-Based Access Control › verify API endpoint authorization 

    Error: page.goto: Target page, context or browser has been closed
    Call log:
      - navigating to "http://localhost:3000/login", waiting until "load"


       at ../helpers/auth.helper.ts:8

       6 |
       7 |   async login(user: TestUser) {
    >  8 |     await this.page.goto('/login');
         |                     ^
       9 |     await this.page.fill('input[name="email"]', user.email);
      10 |     await this.page.fill('input[name="password"]', user.password);
      11 |     await this.page.click('button[type="submit"]');
        at AuthHelper.login (/mnt/c/Users/12486/homeverse/frontend/tests/helpers/auth.helper.ts:8:21)
        at /mnt/c/Users/12486/homeverse/frontend/tests/e2e/03-security-features.spec.ts:183:24

    attachment #1: video (video/webm) ──────────────────────────────────────────────────────────────
    test-results/03-security-features-Secur-e648d--API-endpoint-authorization-firefox/video.webm
    ────────────────────────────────────────────────────────────────────────────────────────────────

    Error Context: ../../test-results/03-security-features-Secur-e648d--API-endpoint-authorization-firefox/error-context.md
]]>
</failure>
<system-out>
<![CDATA[
[[ATTACHMENT|../../test-results/03-security-features-Secur-e648d--API-endpoint-authorization-firefox/video.webm]]

[[ATTACHMENT|../../test-results/03-security-features-Secur-e648d--API-endpoint-authorization-firefox/error-context.md]]
]]>
</system-out>
</testcase>
<testcase name="Security Feature Validation › CORS Configuration › verify CORS headers are properly set" classname="03-security-features.spec.ts" time="0.18">
<skipped>
</skipped>
</testcase>
<testcase name="Security Feature Validation › CORS Configuration › verify CORS blocks unauthorized origins" classname="03-security-features.spec.ts" time="0.002">
<skipped>
</skipped>
</testcase>
<testcase name="Security Feature Validation › Session Management › verify session timeout works correctly" classname="03-security-features.spec.ts" time="0.001">
<skipped>
</skipped>
</testcase>
<testcase name="Security Feature Validation › Session Management › verify concurrent session handling" classname="03-security-features.spec.ts" time="0.002">
<skipped>
</skipped>
</testcase>
<testcase name="Security Feature Validation › Input Validation &amp; Sanitization › verify XSS protection" classname="03-security-features.spec.ts" time="0.004">
<skipped>
</skipped>
</testcase>
<testcase name="Security Feature Validation › Input Validation &amp; Sanitization › verify SQL injection protection" classname="03-security-features.spec.ts" time="0">
<skipped>
</skipped>
</testcase>
<testcase name="Security Feature Validation › File Security › verify malicious file upload protection" classname="03-security-features.spec.ts" time="0">
<skipped>
</skipped>
</testcase>
<testcase name="Security Feature Validation › File Security › verify file size limits" classname="03-security-features.spec.ts" time="0">
<skipped>
</skipped>
</testcase>
<testcase name="Security Feature Validation › Audit Logging › verify sensitive actions are logged" classname="03-security-features.spec.ts" time="0">
<skipped>
</skipped>
</testcase>
</testsuite>
<testsuite name="04-ui-ux-components.spec.ts" timestamp="2025-06-30T19:50:57.388Z" hostname="firefox" tests="23" failures="0" skipped="23" time="0" errors="0">
<testcase name="UI/UX Component Testing › Responsive Design › responsive layout on Mobile Portrait" classname="04-ui-ux-components.spec.ts" time="0">
<skipped>
</skipped>
</testcase>
<testcase name="UI/UX Component Testing › Responsive Design › responsive layout on Mobile Landscape" classname="04-ui-ux-components.spec.ts" time="0">
<skipped>
</skipped>
</testcase>
<testcase name="UI/UX Component Testing › Responsive Design › responsive layout on Tablet Portrait" classname="04-ui-ux-components.spec.ts" time="0">
<skipped>
</skipped>
</testcase>
<testcase name="UI/UX Component Testing › Responsive Design › responsive layout on Tablet Landscape" classname="04-ui-ux-components.spec.ts" time="0">
<skipped>
</skipped>
</testcase>
<testcase name="UI/UX Component Testing › Responsive Design › responsive layout on Desktop" classname="04-ui-ux-components.spec.ts" time="0">
<skipped>
</skipped>
</testcase>
<testcase name="UI/UX Component Testing › Responsive Design › responsive layout on Wide Screen" classname="04-ui-ux-components.spec.ts" time="0">
<skipped>
</skipped>
</testcase>
<testcase name="UI/UX Component Testing › Responsive Design › responsive images and media" classname="04-ui-ux-components.spec.ts" time="0">
<skipped>
</skipped>
</testcase>
<testcase name="UI/UX Component Testing › Accessibility Features › keyboard navigation" classname="04-ui-ux-components.spec.ts" time="0">
<skipped>
</skipped>
</testcase>
<testcase name="UI/UX Component Testing › Accessibility Features › screen reader compatibility" classname="04-ui-ux-components.spec.ts" time="0">
<skipped>
</skipped>
</testcase>
<testcase name="UI/UX Component Testing › Accessibility Features › color contrast compliance" classname="04-ui-ux-components.spec.ts" time="0">
<skipped>
</skipped>
</testcase>
<testcase name="UI/UX Component Testing › Accessibility Features › focus management in modals" classname="04-ui-ux-components.spec.ts" time="0">
<skipped>
</skipped>
</testcase>
<testcase name="UI/UX Component Testing › Loading States and Skeleton Components › skeleton loaders during data fetch" classname="04-ui-ux-components.spec.ts" time="0">
<skipped>
</skipped>
</testcase>
<testcase name="UI/UX Component Testing › Loading States and Skeleton Components › loading spinners for actions" classname="04-ui-ux-components.spec.ts" time="0">
<skipped>
</skipped>
</testcase>
<testcase name="UI/UX Component Testing › Loading States and Skeleton Components › optimistic UI updates" classname="04-ui-ux-components.spec.ts" time="0">
<skipped>
</skipped>
</testcase>
<testcase name="UI/UX Component Testing › Error Handling and User Feedback › form validation feedback" classname="04-ui-ux-components.spec.ts" time="0">
<skipped>
</skipped>
</testcase>
<testcase name="UI/UX Component Testing › Error Handling and User Feedback › network error handling" classname="04-ui-ux-components.spec.ts" time="0">
<skipped>
</skipped>
</testcase>
<testcase name="UI/UX Component Testing › Error Handling and User Feedback › toast notifications" classname="04-ui-ux-components.spec.ts" time="0">
<skipped>
</skipped>
</testcase>
<testcase name="UI/UX Component Testing › Interactive Components › dropdown menus" classname="04-ui-ux-components.spec.ts" time="0">
<skipped>
</skipped>
</testcase>
<testcase name="UI/UX Component Testing › Interactive Components › date pickers" classname="04-ui-ux-components.spec.ts" time="0">
<skipped>
</skipped>
</testcase>
<testcase name="UI/UX Component Testing › Interactive Components › autocomplete/search suggestions" classname="04-ui-ux-components.spec.ts" time="0">
<skipped>
</skipped>
</testcase>
<testcase name="UI/UX Component Testing › Interactive Components › tabs and tab panels" classname="04-ui-ux-components.spec.ts" time="0">
<skipped>
</skipped>
</testcase>
<testcase name="UI/UX Component Testing › Real Device Testing › touch interactions on mobile" classname="04-ui-ux-components.spec.ts" time="0">
<skipped>
</skipped>
</testcase>
<testcase name="UI/UX Component Testing › Real Device Testing › device orientation changes" classname="04-ui-ux-components.spec.ts" time="0">
<skipped>
</skipped>
</testcase>
</testsuite>
<testsuite name="05-integration-performance.spec.ts" timestamp="2025-06-30T19:50:57.388Z" hostname="firefox" tests="15" failures="0" skipped="15" time="0" errors="0">
<testcase name="Integration &amp; Performance Testing › Supabase Integration › database operations performance" classname="05-integration-performance.spec.ts" time="0">
<skipped>
</skipped>
</testcase>
<testcase name="Integration &amp; Performance Testing › Supabase Integration › real-time subscriptions" classname="05-integration-performance.spec.ts" time="0">
<skipped>
</skipped>
</testcase>
<testcase name="Integration &amp; Performance Testing › Supabase Integration › file storage integration" classname="05-integration-performance.spec.ts" time="0">
<skipped>
</skipped>
</testcase>
<testcase name="Integration &amp; Performance Testing › SendGrid Email Integration › email delivery tracking" classname="05-integration-performance.spec.ts" time="0">
<skipped>
</skipped>
</testcase>
<testcase name="Integration &amp; Performance Testing › SendGrid Email Integration › email template processing" classname="05-integration-performance.spec.ts" time="0">
<skipped>
</skipped>
</testcase>
<testcase name="Integration &amp; Performance Testing › Mapbox Integration › map rendering performance" classname="05-integration-performance.spec.ts" time="0">
<skipped>
</skipped>
</testcase>
<testcase name="Integration &amp; Performance Testing › Mapbox Integration › project location clustering" classname="05-integration-performance.spec.ts" time="0">
<skipped>
</skipped>
</testcase>
<testcase name="Integration &amp; Performance Testing › Performance Benchmarks › page load performance metrics" classname="05-integration-performance.spec.ts" time="0">
<skipped>
</skipped>
</testcase>
<testcase name="Integration &amp; Performance Testing › Performance Benchmarks › concurrent user load testing" classname="05-integration-performance.spec.ts" time="0">
<skipped>
</skipped>
</testcase>
<testcase name="Integration &amp; Performance Testing › Performance Benchmarks › API endpoint performance" classname="05-integration-performance.spec.ts" time="0">
<skipped>
</skipped>
</testcase>
<testcase name="Integration &amp; Performance Testing › Performance Benchmarks › memory usage monitoring" classname="05-integration-performance.spec.ts" time="0">
<skipped>
</skipped>
</testcase>
<testcase name="Integration &amp; Performance Testing › File Upload/Download Performance › large file handling" classname="05-integration-performance.spec.ts" time="0">
<skipped>
</skipped>
</testcase>
<testcase name="Integration &amp; Performance Testing › File Upload/Download Performance › concurrent file operations" classname="05-integration-performance.spec.ts" time="0">
<skipped>
</skipped>
</testcase>
<testcase name="Integration &amp; Performance Testing › Database Query Performance › complex query performance" classname="05-integration-performance.spec.ts" time="0">
<skipped>
</skipped>
</testcase>
<testcase name="Integration &amp; Performance Testing › Database Query Performance › data export performance" classname="05-integration-performance.spec.ts" time="0">
<skipped>
</skipped>
</testcase>
</testsuite>
<testsuite name="debug-helper.spec.ts" timestamp="2025-06-30T19:50:57.388Z" hostname="firefox" tests="3" failures="0" skipped="3" time="0" errors="0">
<testcase name="Debug Helper - Check Environment › verify servers are running" classname="debug-helper.spec.ts" time="0">
<skipped>
</skipped>
</testcase>
<testcase name="Debug Helper - Check Environment › check login page elements" classname="debug-helper.spec.ts" time="0">
<skipped>
</skipped>
</testcase>
<testcase name="Debug Helper - Check Environment › check actual login flow" classname="debug-helper.spec.ts" time="0">
<skipped>
</skipped>
</testcase>
</testsuite>
<testsuite name="00-simple-test.spec.ts" timestamp="2025-06-30T19:50:57.388Z" hostname="webkit" tests="2" failures="0" skipped="2" time="0" errors="0">
<testcase name="Simple Smoke Tests › frontend is accessible" classname="00-simple-test.spec.ts" time="0">
<skipped>
</skipped>
</testcase>
<testcase name="Simple Smoke Tests › login page loads" classname="00-simple-test.spec.ts" time="0">
<skipped>
</skipped>
</testcase>
</testsuite>
<testsuite name="01-user-journeys.spec.ts" timestamp="2025-06-30T19:50:57.388Z" hostname="webkit" tests="6" failures="0" skipped="6" time="0" errors="0">
<testcase name="Multi-Role User Journeys › Super Admin Journey › complete super admin workflow" classname="01-user-journeys.spec.ts" time="0">
<skipped>
</skipped>
</testcase>
<testcase name="Multi-Role User Journeys › Company Admin Journey › complete company admin workflow" classname="01-user-journeys.spec.ts" time="0">
<skipped>
</skipped>
</testcase>
<testcase name="Multi-Role User Journeys › Manager Journey › complete manager workflow" classname="01-user-journeys.spec.ts" time="0">
<skipped>
</skipped>
</testcase>
<testcase name="Multi-Role User Journeys › Staff Journey › complete staff workflow" classname="01-user-journeys.spec.ts" time="0">
<skipped>
</skipped>
</testcase>
<testcase name="Multi-Role User Journeys › Applicant Journey › complete applicant workflow" classname="01-user-journeys.spec.ts" time="0">
<skipped>
</skipped>
</testcase>
<testcase name="Multi-Role User Journeys › cross-role collaboration workflow" classname="01-user-journeys.spec.ts" time="0">
<skipped>
</skipped>
</testcase>
</testsuite>
<testsuite name="02-core-features.spec.ts" timestamp="2025-06-30T19:50:57.388Z" hostname="webkit" tests="13" failures="0" skipped="13" time="0" errors="0">
<testcase name="Core Feature Workflows › Authentication Flow › complete registration with email verification" classname="02-core-features.spec.ts" time="0">
<skipped>
</skipped>
</testcase>
<testcase name="Core Feature Workflows › Authentication Flow › password reset flow" classname="02-core-features.spec.ts" time="0">
<skipped>
</skipped>
</testcase>
<testcase name="Core Feature Workflows › Authentication Flow › session management and timeout" classname="02-core-features.spec.ts" time="0">
<skipped>
</skipped>
</testcase>
<testcase name="Core Feature Workflows › Applicant Management › complete CRUD operations" classname="02-core-features.spec.ts" time="0">
<skipped>
</skipped>
</testcase>
<testcase name="Core Feature Workflows › Applicant Management › search and filter functionality" classname="02-core-features.spec.ts" time="0">
<skipped>
</skipped>
</testcase>
<testcase name="Core Feature Workflows › Applicant Management › bulk operations" classname="02-core-features.spec.ts" time="0">
<skipped>
</skipped>
</testcase>
<testcase name="Core Feature Workflows › Project Management › create and edit project with all details" classname="02-core-features.spec.ts" time="0">
<skipped>
</skipped>
</testcase>
<testcase name="Core Feature Workflows › Project Management › project visibility and publishing" classname="02-core-features.spec.ts" time="0">
<skipped>
</skipped>
</testcase>
<testcase name="Core Feature Workflows › Application Process › complete application workflow" classname="02-core-features.spec.ts" time="0">
<skipped>
</skipped>
</testcase>
<testcase name="Core Feature Workflows › File Management › upload and download documents" classname="02-core-features.spec.ts" time="0">
<skipped>
</skipped>
</testcase>
<testcase name="Core Feature Workflows › File Management › file encryption verification" classname="02-core-features.spec.ts" time="0">
<skipped>
</skipped>
</testcase>
<testcase name="Core Feature Workflows › Communication Features › email notifications workflow" classname="02-core-features.spec.ts" time="0">
<skipped>
</skipped>
</testcase>
<testcase name="Core Feature Workflows › Communication Features › in-app notifications" classname="02-core-features.spec.ts" time="0">
<skipped>
</skipped>
</testcase>
</testsuite>
<testsuite name="03-security-features.spec.ts" timestamp="2025-06-30T19:50:57.388Z" hostname="webkit" tests="15" failures="0" skipped="15" time="0" errors="0">
<testcase name="Security Feature Validation › Rate Limiting › login attempts rate limiting" classname="03-security-features.spec.ts" time="0">
<skipped>
</skipped>
</testcase>
<testcase name="Security Feature Validation › Rate Limiting › API endpoint rate limiting" classname="03-security-features.spec.ts" time="0">
<skipped>
</skipped>
</testcase>
<testcase name="Security Feature Validation › PII Encryption › verify PII data is encrypted in transit" classname="03-security-features.spec.ts" time="0">
<skipped>
</skipped>
</testcase>
<testcase name="Security Feature Validation › PII Encryption › verify PII is masked in UI" classname="03-security-features.spec.ts" time="0">
<skipped>
</skipped>
</testcase>
<testcase name="Security Feature Validation › Role-Based Access Control › verify role restrictions are enforced" classname="03-security-features.spec.ts" time="0">
<skipped>
</skipped>
</testcase>
<testcase name="Security Feature Validation › Role-Based Access Control › verify API endpoint authorization" classname="03-security-features.spec.ts" time="0">
<skipped>
</skipped>
</testcase>
<testcase name="Security Feature Validation › CORS Configuration › verify CORS headers are properly set" classname="03-security-features.spec.ts" time="0">
<skipped>
</skipped>
</testcase>
<testcase name="Security Feature Validation › CORS Configuration › verify CORS blocks unauthorized origins" classname="03-security-features.spec.ts" time="0">
<skipped>
</skipped>
</testcase>
<testcase name="Security Feature Validation › Session Management › verify session timeout works correctly" classname="03-security-features.spec.ts" time="0">
<skipped>
</skipped>
</testcase>
<testcase name="Security Feature Validation › Session Management › verify concurrent session handling" classname="03-security-features.spec.ts" time="0">
<skipped>
</skipped>
</testcase>
<testcase name="Security Feature Validation › Input Validation &amp; Sanitization › verify XSS protection" classname="03-security-features.spec.ts" time="0">
<skipped>
</skipped>
</testcase>
<testcase name="Security Feature Validation › Input Validation &amp; Sanitization › verify SQL injection protection" classname="03-security-features.spec.ts" time="0">
<skipped>
</skipped>
</testcase>
<testcase name="Security Feature Validation › File Security › verify malicious file upload protection" classname="03-security-features.spec.ts" time="0">
<skipped>
</skipped>
</testcase>
<testcase name="Security Feature Validation › File Security › verify file size limits" classname="03-security-features.spec.ts" time="0">
<skipped>
</skipped>
</testcase>
<testcase name="Security Feature Validation › Audit Logging › verify sensitive actions are logged" classname="03-security-features.spec.ts" time="0">
<skipped>
</skipped>
</testcase>
</testsuite>
<testsuite name="04-ui-ux-components.spec.ts" timestamp="2025-06-30T19:50:57.388Z" hostname="webkit" tests="23" failures="0" skipped="23" time="0" errors="0">
<testcase name="UI/UX Component Testing › Responsive Design › responsive layout on Mobile Portrait" classname="04-ui-ux-components.spec.ts" time="0">
<skipped>
</skipped>
</testcase>
<testcase name="UI/UX Component Testing › Responsive Design › responsive layout on Mobile Landscape" classname="04-ui-ux-components.spec.ts" time="0">
<skipped>
</skipped>
</testcase>
<testcase name="UI/UX Component Testing › Responsive Design › responsive layout on Tablet Portrait" classname="04-ui-ux-components.spec.ts" time="0">
<skipped>
</skipped>
</testcase>
<testcase name="UI/UX Component Testing › Responsive Design › responsive layout on Tablet Landscape" classname="04-ui-ux-components.spec.ts" time="0">
<skipped>
</skipped>
</testcase>
<testcase name="UI/UX Component Testing › Responsive Design › responsive layout on Desktop" classname="04-ui-ux-components.spec.ts" time="0">
<skipped>
</skipped>
</testcase>
<testcase name="UI/UX Component Testing › Responsive Design › responsive layout on Wide Screen" classname="04-ui-ux-components.spec.ts" time="0">
<skipped>
</skipped>
</testcase>
<testcase name="UI/UX Component Testing › Responsive Design › responsive images and media" classname="04-ui-ux-components.spec.ts" time="0">
<skipped>
</skipped>
</testcase>
<testcase name="UI/UX Component Testing › Accessibility Features › keyboard navigation" classname="04-ui-ux-components.spec.ts" time="0">
<skipped>
</skipped>
</testcase>
<testcase name="UI/UX Component Testing › Accessibility Features › screen reader compatibility" classname="04-ui-ux-components.spec.ts" time="0">
<skipped>
</skipped>
</testcase>
<testcase name="UI/UX Component Testing › Accessibility Features › color contrast compliance" classname="04-ui-ux-components.spec.ts" time="0">
<skipped>
</skipped>
</testcase>
<testcase name="UI/UX Component Testing › Accessibility Features › focus management in modals" classname="04-ui-ux-components.spec.ts" time="0">
<skipped>
</skipped>
</testcase>
<testcase name="UI/UX Component Testing › Loading States and Skeleton Components › skeleton loaders during data fetch" classname="04-ui-ux-components.spec.ts" time="0">
<skipped>
</skipped>
</testcase>
<testcase name="UI/UX Component Testing › Loading States and Skeleton Components › loading spinners for actions" classname="04-ui-ux-components.spec.ts" time="0">
<skipped>
</skipped>
</testcase>
<testcase name="UI/UX Component Testing › Loading States and Skeleton Components › optimistic UI updates" classname="04-ui-ux-components.spec.ts" time="0">
<skipped>
</skipped>
</testcase>
<testcase name="UI/UX Component Testing › Error Handling and User Feedback › form validation feedback" classname="04-ui-ux-components.spec.ts" time="0">
<skipped>
</skipped>
</testcase>
<testcase name="UI/UX Component Testing › Error Handling and User Feedback › network error handling" classname="04-ui-ux-components.spec.ts" time="0">
<skipped>
</skipped>
</testcase>
<testcase name="UI/UX Component Testing › Error Handling and User Feedback › toast notifications" classname="04-ui-ux-components.spec.ts" time="0">
<skipped>
</skipped>
</testcase>
<testcase name="UI/UX Component Testing › Interactive Components › dropdown menus" classname="04-ui-ux-components.spec.ts" time="0">
<skipped>
</skipped>
</testcase>
<testcase name="UI/UX Component Testing › Interactive Components › date pickers" classname="04-ui-ux-components.spec.ts" time="0">
<skipped>
</skipped>
</testcase>
<testcase name="UI/UX Component Testing › Interactive Components › autocomplete/search suggestions" classname="04-ui-ux-components.spec.ts" time="0">
<skipped>
</skipped>
</testcase>
<testcase name="UI/UX Component Testing › Interactive Components › tabs and tab panels" classname="04-ui-ux-components.spec.ts" time="0">
<skipped>
</skipped>
</testcase>
<testcase name="UI/UX Component Testing › Real Device Testing › touch interactions on mobile" classname="04-ui-ux-components.spec.ts" time="0">
<skipped>
</skipped>
</testcase>
<testcase name="UI/UX Component Testing › Real Device Testing › device orientation changes" classname="04-ui-ux-components.spec.ts" time="0">
<skipped>
</skipped>
</testcase>
</testsuite>
<testsuite name="05-integration-performance.spec.ts" timestamp="2025-06-30T19:50:57.388Z" hostname="webkit" tests="15" failures="0" skipped="15" time="0" errors="0">
<testcase name="Integration &amp; Performance Testing › Supabase Integration › database operations performance" classname="05-integration-performance.spec.ts" time="0">
<skipped>
</skipped>
</testcase>
<testcase name="Integration &amp; Performance Testing › Supabase Integration › real-time subscriptions" classname="05-integration-performance.spec.ts" time="0">
<skipped>
</skipped>
</testcase>
<testcase name="Integration &amp; Performance Testing › Supabase Integration › file storage integration" classname="05-integration-performance.spec.ts" time="0">
<skipped>
</skipped>
</testcase>
<testcase name="Integration &amp; Performance Testing › SendGrid Email Integration › email delivery tracking" classname="05-integration-performance.spec.ts" time="0">
<skipped>
</skipped>
</testcase>
<testcase name="Integration &amp; Performance Testing › SendGrid Email Integration › email template processing" classname="05-integration-performance.spec.ts" time="0">
<skipped>
</skipped>
</testcase>
<testcase name="Integration &amp; Performance Testing › Mapbox Integration › map rendering performance" classname="05-integration-performance.spec.ts" time="0">
<skipped>
</skipped>
</testcase>
<testcase name="Integration &amp; Performance Testing › Mapbox Integration › project location clustering" classname="05-integration-performance.spec.ts" time="0">
<skipped>
</skipped>
</testcase>
<testcase name="Integration &amp; Performance Testing › Performance Benchmarks › page load performance metrics" classname="05-integration-performance.spec.ts" time="0">
<skipped>
</skipped>
</testcase>
<testcase name="Integration &amp; Performance Testing › Performance Benchmarks › concurrent user load testing" classname="05-integration-performance.spec.ts" time="0">
<skipped>
</skipped>
</testcase>
<testcase name="Integration &amp; Performance Testing › Performance Benchmarks › API endpoint performance" classname="05-integration-performance.spec.ts" time="0">
<skipped>
</skipped>
</testcase>
<testcase name="Integration &amp; Performance Testing › Performance Benchmarks › memory usage monitoring" classname="05-integration-performance.spec.ts" time="0">
<skipped>
</skipped>
</testcase>
<testcase name="Integration &amp; Performance Testing › File Upload/Download Performance › large file handling" classname="05-integration-performance.spec.ts" time="0">
<skipped>
</skipped>
</testcase>
<testcase name="Integration &amp; Performance Testing › File Upload/Download Performance › concurrent file operations" classname="05-integration-performance.spec.ts" time="0">
<skipped>
</skipped>
</testcase>
<testcase name="Integration &amp; Performance Testing › Database Query Performance › complex query performance" classname="05-integration-performance.spec.ts" time="0">
<skipped>
</skipped>
</testcase>
<testcase name="Integration &amp; Performance Testing › Database Query Performance › data export performance" classname="05-integration-performance.spec.ts" time="0">
<skipped>
</skipped>
</testcase>
</testsuite>
<testsuite name="debug-helper.spec.ts" timestamp="2025-06-30T19:50:57.388Z" hostname="webkit" tests="3" failures="0" skipped="3" time="0" errors="0">
<testcase name="Debug Helper - Check Environment › verify servers are running" classname="debug-helper.spec.ts" time="0">
<skipped>
</skipped>
</testcase>
<testcase name="Debug Helper - Check Environment › check login page elements" classname="debug-helper.spec.ts" time="0">
<skipped>
</skipped>
</testcase>
<testcase name="Debug Helper - Check Environment › check actual login flow" classname="debug-helper.spec.ts" time="0">
<skipped>
</skipped>
</testcase>
</testsuite>
<testsuite name="00-simple-test.spec.ts" timestamp="2025-06-30T19:50:57.388Z" hostname="Mobile Chrome" tests="2" failures="0" skipped="2" time="0" errors="0">
<testcase name="Simple Smoke Tests › frontend is accessible" classname="00-simple-test.spec.ts" time="0">
<skipped>
</skipped>
</testcase>
<testcase name="Simple Smoke Tests › login page loads" classname="00-simple-test.spec.ts" time="0">
<skipped>
</skipped>
</testcase>
</testsuite>
<testsuite name="01-user-journeys.spec.ts" timestamp="2025-06-30T19:50:57.388Z" hostname="Mobile Chrome" tests="6" failures="0" skipped="6" time="0" errors="0">
<testcase name="Multi-Role User Journeys › Super Admin Journey › complete super admin workflow" classname="01-user-journeys.spec.ts" time="0">
<skipped>
</skipped>
</testcase>
<testcase name="Multi-Role User Journeys › Company Admin Journey › complete company admin workflow" classname="01-user-journeys.spec.ts" time="0">
<skipped>
</skipped>
</testcase>
<testcase name="Multi-Role User Journeys › Manager Journey › complete manager workflow" classname="01-user-journeys.spec.ts" time="0">
<skipped>
</skipped>
</testcase>
<testcase name="Multi-Role User Journeys › Staff Journey › complete staff workflow" classname="01-user-journeys.spec.ts" time="0">
<skipped>
</skipped>
</testcase>
<testcase name="Multi-Role User Journeys › Applicant Journey › complete applicant workflow" classname="01-user-journeys.spec.ts" time="0">
<skipped>
</skipped>
</testcase>
<testcase name="Multi-Role User Journeys › cross-role collaboration workflow" classname="01-user-journeys.spec.ts" time="0">
<skipped>
</skipped>
</testcase>
</testsuite>
<testsuite name="02-core-features.spec.ts" timestamp="2025-06-30T19:50:57.388Z" hostname="Mobile Chrome" tests="13" failures="0" skipped="13" time="0" errors="0">
<testcase name="Core Feature Workflows › Authentication Flow › complete registration with email verification" classname="02-core-features.spec.ts" time="0">
<skipped>
</skipped>
</testcase>
<testcase name="Core Feature Workflows › Authentication Flow › password reset flow" classname="02-core-features.spec.ts" time="0">
<skipped>
</skipped>
</testcase>
<testcase name="Core Feature Workflows › Authentication Flow › session management and timeout" classname="02-core-features.spec.ts" time="0">
<skipped>
</skipped>
</testcase>
<testcase name="Core Feature Workflows › Applicant Management › complete CRUD operations" classname="02-core-features.spec.ts" time="0">
<skipped>
</skipped>
</testcase>
<testcase name="Core Feature Workflows › Applicant Management › search and filter functionality" classname="02-core-features.spec.ts" time="0">
<skipped>
</skipped>
</testcase>
<testcase name="Core Feature Workflows › Applicant Management › bulk operations" classname="02-core-features.spec.ts" time="0">
<skipped>
</skipped>
</testcase>
<testcase name="Core Feature Workflows › Project Management › create and edit project with all details" classname="02-core-features.spec.ts" time="0">
<skipped>
</skipped>
</testcase>
<testcase name="Core Feature Workflows › Project Management › project visibility and publishing" classname="02-core-features.spec.ts" time="0">
<skipped>
</skipped>
</testcase>
<testcase name="Core Feature Workflows › Application Process › complete application workflow" classname="02-core-features.spec.ts" time="0">
<skipped>
</skipped>
</testcase>
<testcase name="Core Feature Workflows › File Management › upload and download documents" classname="02-core-features.spec.ts" time="0">
<skipped>
</skipped>
</testcase>
<testcase name="Core Feature Workflows › File Management › file encryption verification" classname="02-core-features.spec.ts" time="0">
<skipped>
</skipped>
</testcase>
<testcase name="Core Feature Workflows › Communication Features › email notifications workflow" classname="02-core-features.spec.ts" time="0">
<skipped>
</skipped>
</testcase>
<testcase name="Core Feature Workflows › Communication Features › in-app notifications" classname="02-core-features.spec.ts" time="0">
<skipped>
</skipped>
</testcase>
</testsuite>
<testsuite name="03-security-features.spec.ts" timestamp="2025-06-30T19:50:57.388Z" hostname="Mobile Chrome" tests="15" failures="0" skipped="15" time="0" errors="0">
<testcase name="Security Feature Validation › Rate Limiting › login attempts rate limiting" classname="03-security-features.spec.ts" time="0">
<skipped>
</skipped>
</testcase>
<testcase name="Security Feature Validation › Rate Limiting › API endpoint rate limiting" classname="03-security-features.spec.ts" time="0">
<skipped>
</skipped>
</testcase>
<testcase name="Security Feature Validation › PII Encryption › verify PII data is encrypted in transit" classname="03-security-features.spec.ts" time="0">
<skipped>
</skipped>
</testcase>
<testcase name="Security Feature Validation › PII Encryption › verify PII is masked in UI" classname="03-security-features.spec.ts" time="0">
<skipped>
</skipped>
</testcase>
<testcase name="Security Feature Validation › Role-Based Access Control › verify role restrictions are enforced" classname="03-security-features.spec.ts" time="0">
<skipped>
</skipped>
</testcase>
<testcase name="Security Feature Validation › Role-Based Access Control › verify API endpoint authorization" classname="03-security-features.spec.ts" time="0">
<skipped>
</skipped>
</testcase>
<testcase name="Security Feature Validation › CORS Configuration › verify CORS headers are properly set" classname="03-security-features.spec.ts" time="0">
<skipped>
</skipped>
</testcase>
<testcase name="Security Feature Validation › CORS Configuration › verify CORS blocks unauthorized origins" classname="03-security-features.spec.ts" time="0">
<skipped>
</skipped>
</testcase>
<testcase name="Security Feature Validation › Session Management › verify session timeout works correctly" classname="03-security-features.spec.ts" time="0">
<skipped>
</skipped>
</testcase>
<testcase name="Security Feature Validation › Session Management › verify concurrent session handling" classname="03-security-features.spec.ts" time="0">
<skipped>
</skipped>
</testcase>
<testcase name="Security Feature Validation › Input Validation &amp; Sanitization › verify XSS protection" classname="03-security-features.spec.ts" time="0">
<skipped>
</skipped>
</testcase>
<testcase name="Security Feature Validation › Input Validation &amp; Sanitization › verify SQL injection protection" classname="03-security-features.spec.ts" time="0">
<skipped>
</skipped>
</testcase>
<testcase name="Security Feature Validation › File Security › verify malicious file upload protection" classname="03-security-features.spec.ts" time="0">
<skipped>
</skipped>
</testcase>
<testcase name="Security Feature Validation › File Security › verify file size limits" classname="03-security-features.spec.ts" time="0">
<skipped>
</skipped>
</testcase>
<testcase name="Security Feature Validation › Audit Logging › verify sensitive actions are logged" classname="03-security-features.spec.ts" time="0">
<skipped>
</skipped>
</testcase>
</testsuite>
<testsuite name="04-ui-ux-components.spec.ts" timestamp="2025-06-30T19:50:57.388Z" hostname="Mobile Chrome" tests="23" failures="0" skipped="23" time="0" errors="0">
<testcase name="UI/UX Component Testing › Responsive Design › responsive layout on Mobile Portrait" classname="04-ui-ux-components.spec.ts" time="0">
<skipped>
</skipped>
</testcase>
<testcase name="UI/UX Component Testing › Responsive Design › responsive layout on Mobile Landscape" classname="04-ui-ux-components.spec.ts" time="0">
<skipped>
</skipped>
</testcase>
<testcase name="UI/UX Component Testing › Responsive Design › responsive layout on Tablet Portrait" classname="04-ui-ux-components.spec.ts" time="0">
<skipped>
</skipped>
</testcase>
<testcase name="UI/UX Component Testing › Responsive Design › responsive layout on Tablet Landscape" classname="04-ui-ux-components.spec.ts" time="0">
<skipped>
</skipped>
</testcase>
<testcase name="UI/UX Component Testing › Responsive Design › responsive layout on Desktop" classname="04-ui-ux-components.spec.ts" time="0">
<skipped>
</skipped>
</testcase>
<testcase name="UI/UX Component Testing › Responsive Design › responsive layout on Wide Screen" classname="04-ui-ux-components.spec.ts" time="0">
<skipped>
</skipped>
</testcase>
<testcase name="UI/UX Component Testing › Responsive Design › responsive images and media" classname="04-ui-ux-components.spec.ts" time="0">
<skipped>
</skipped>
</testcase>
<testcase name="UI/UX Component Testing › Accessibility Features › keyboard navigation" classname="04-ui-ux-components.spec.ts" time="0">
<skipped>
</skipped>
</testcase>
<testcase name="UI/UX Component Testing › Accessibility Features › screen reader compatibility" classname="04-ui-ux-components.spec.ts" time="0">
<skipped>
</skipped>
</testcase>
<testcase name="UI/UX Component Testing › Accessibility Features › color contrast compliance" classname="04-ui-ux-components.spec.ts" time="0">
<skipped>
</skipped>
</testcase>
<testcase name="UI/UX Component Testing › Accessibility Features › focus management in modals" classname="04-ui-ux-components.spec.ts" time="0">
<skipped>
</skipped>
</testcase>
<testcase name="UI/UX Component Testing › Loading States and Skeleton Components › skeleton loaders during data fetch" classname="04-ui-ux-components.spec.ts" time="0">
<skipped>
</skipped>
</testcase>
<testcase name="UI/UX Component Testing › Loading States and Skeleton Components › loading spinners for actions" classname="04-ui-ux-components.spec.ts" time="0">
<skipped>
</skipped>
</testcase>
<testcase name="UI/UX Component Testing › Loading States and Skeleton Components › optimistic UI updates" classname="04-ui-ux-components.spec.ts" time="0">
<skipped>
</skipped>
</testcase>
<testcase name="UI/UX Component Testing › Error Handling and User Feedback › form validation feedback" classname="04-ui-ux-components.spec.ts" time="0">
<skipped>
</skipped>
</testcase>
<testcase name="UI/UX Component Testing › Error Handling and User Feedback › network error handling" classname="04-ui-ux-components.spec.ts" time="0">
<skipped>
</skipped>
</testcase>
<testcase name="UI/UX Component Testing › Error Handling and User Feedback › toast notifications" classname="04-ui-ux-components.spec.ts" time="0">
<skipped>
</skipped>
</testcase>
<testcase name="UI/UX Component Testing › Interactive Components › dropdown menus" classname="04-ui-ux-components.spec.ts" time="0">
<skipped>
</skipped>
</testcase>
<testcase name="UI/UX Component Testing › Interactive Components › date pickers" classname="04-ui-ux-components.spec.ts" time="0">
<skipped>
</skipped>
</testcase>
<testcase name="UI/UX Component Testing › Interactive Components › autocomplete/search suggestions" classname="04-ui-ux-components.spec.ts" time="0">
<skipped>
</skipped>
</testcase>
<testcase name="UI/UX Component Testing › Interactive Components › tabs and tab panels" classname="04-ui-ux-components.spec.ts" time="0">
<skipped>
</skipped>
</testcase>
<testcase name="UI/UX Component Testing › Real Device Testing › touch interactions on mobile" classname="04-ui-ux-components.spec.ts" time="0">
<skipped>
</skipped>
</testcase>
<testcase name="UI/UX Component Testing › Real Device Testing › device orientation changes" classname="04-ui-ux-components.spec.ts" time="0">
<skipped>
</skipped>
</testcase>
</testsuite>
<testsuite name="05-integration-performance.spec.ts" timestamp="2025-06-30T19:50:57.388Z" hostname="Mobile Chrome" tests="15" failures="0" skipped="15" time="0" errors="0">
<testcase name="Integration &amp; Performance Testing › Supabase Integration › database operations performance" classname="05-integration-performance.spec.ts" time="0">
<skipped>
</skipped>
</testcase>
<testcase name="Integration &amp; Performance Testing › Supabase Integration › real-time subscriptions" classname="05-integration-performance.spec.ts" time="0">
<skipped>
</skipped>
</testcase>
<testcase name="Integration &amp; Performance Testing › Supabase Integration › file storage integration" classname="05-integration-performance.spec.ts" time="0">
<skipped>
</skipped>
</testcase>
<testcase name="Integration &amp; Performance Testing › SendGrid Email Integration › email delivery tracking" classname="05-integration-performance.spec.ts" time="0">
<skipped>
</skipped>
</testcase>
<testcase name="Integration &amp; Performance Testing › SendGrid Email Integration › email template processing" classname="05-integration-performance.spec.ts" time="0">
<skipped>
</skipped>
</testcase>
<testcase name="Integration &amp; Performance Testing › Mapbox Integration › map rendering performance" classname="05-integration-performance.spec.ts" time="0">
<skipped>
</skipped>
</testcase>
<testcase name="Integration &amp; Performance Testing › Mapbox Integration › project location clustering" classname="05-integration-performance.spec.ts" time="0">
<skipped>
</skipped>
</testcase>
<testcase name="Integration &amp; Performance Testing › Performance Benchmarks › page load performance metrics" classname="05-integration-performance.spec.ts" time="0">
<skipped>
</skipped>
</testcase>
<testcase name="Integration &amp; Performance Testing › Performance Benchmarks › concurrent user load testing" classname="05-integration-performance.spec.ts" time="0">
<skipped>
</skipped>
</testcase>
<testcase name="Integration &amp; Performance Testing › Performance Benchmarks › API endpoint performance" classname="05-integration-performance.spec.ts" time="0">
<skipped>
</skipped>
</testcase>
<testcase name="Integration &amp; Performance Testing › Performance Benchmarks › memory usage monitoring" classname="05-integration-performance.spec.ts" time="0">
<skipped>
</skipped>
</testcase>
<testcase name="Integration &amp; Performance Testing › File Upload/Download Performance › large file handling" classname="05-integration-performance.spec.ts" time="0">
<skipped>
</skipped>
</testcase>
<testcase name="Integration &amp; Performance Testing › File Upload/Download Performance › concurrent file operations" classname="05-integration-performance.spec.ts" time="0">
<skipped>
</skipped>
</testcase>
<testcase name="Integration &amp; Performance Testing › Database Query Performance › complex query performance" classname="05-integration-performance.spec.ts" time="0">
<skipped>
</skipped>
</testcase>
<testcase name="Integration &amp; Performance Testing › Database Query Performance › data export performance" classname="05-integration-performance.spec.ts" time="0">
<skipped>
</skipped>
</testcase>
</testsuite>
<testsuite name="debug-helper.spec.ts" timestamp="2025-06-30T19:50:57.388Z" hostname="Mobile Chrome" tests="3" failures="0" skipped="3" time="0" errors="0">
<testcase name="Debug Helper - Check Environment › verify servers are running" classname="debug-helper.spec.ts" time="0">
<skipped>
</skipped>
</testcase>
<testcase name="Debug Helper - Check Environment › check login page elements" classname="debug-helper.spec.ts" time="0">
<skipped>
</skipped>
</testcase>
<testcase name="Debug Helper - Check Environment › check actual login flow" classname="debug-helper.spec.ts" time="0">
<skipped>
</skipped>
</testcase>
</testsuite>
<testsuite name="00-simple-test.spec.ts" timestamp="2025-06-30T19:50:57.388Z" hostname="Mobile Safari" tests="2" failures="0" skipped="2" time="0" errors="0">
<testcase name="Simple Smoke Tests › frontend is accessible" classname="00-simple-test.spec.ts" time="0">
<skipped>
</skipped>
</testcase>
<testcase name="Simple Smoke Tests › login page loads" classname="00-simple-test.spec.ts" time="0">
<skipped>
</skipped>
</testcase>
</testsuite>
<testsuite name="01-user-journeys.spec.ts" timestamp="2025-06-30T19:50:57.388Z" hostname="Mobile Safari" tests="6" failures="0" skipped="6" time="0" errors="0">
<testcase name="Multi-Role User Journeys › Super Admin Journey › complete super admin workflow" classname="01-user-journeys.spec.ts" time="0">
<skipped>
</skipped>
</testcase>
<testcase name="Multi-Role User Journeys › Company Admin Journey › complete company admin workflow" classname="01-user-journeys.spec.ts" time="0">
<skipped>
</skipped>
</testcase>
<testcase name="Multi-Role User Journeys › Manager Journey › complete manager workflow" classname="01-user-journeys.spec.ts" time="0">
<skipped>
</skipped>
</testcase>
<testcase name="Multi-Role User Journeys › Staff Journey › complete staff workflow" classname="01-user-journeys.spec.ts" time="0">
<skipped>
</skipped>
</testcase>
<testcase name="Multi-Role User Journeys › Applicant Journey › complete applicant workflow" classname="01-user-journeys.spec.ts" time="0">
<skipped>
</skipped>
</testcase>
<testcase name="Multi-Role User Journeys › cross-role collaboration workflow" classname="01-user-journeys.spec.ts" time="0">
<skipped>
</skipped>
</testcase>
</testsuite>
<testsuite name="02-core-features.spec.ts" timestamp="2025-06-30T19:50:57.388Z" hostname="Mobile Safari" tests="13" failures="0" skipped="13" time="0" errors="0">
<testcase name="Core Feature Workflows › Authentication Flow › complete registration with email verification" classname="02-core-features.spec.ts" time="0">
<skipped>
</skipped>
</testcase>
<testcase name="Core Feature Workflows › Authentication Flow › password reset flow" classname="02-core-features.spec.ts" time="0">
<skipped>
</skipped>
</testcase>
<testcase name="Core Feature Workflows › Authentication Flow › session management and timeout" classname="02-core-features.spec.ts" time="0">
<skipped>
</skipped>
</testcase>
<testcase name="Core Feature Workflows › Applicant Management › complete CRUD operations" classname="02-core-features.spec.ts" time="0">
<skipped>
</skipped>
</testcase>
<testcase name="Core Feature Workflows › Applicant Management › search and filter functionality" classname="02-core-features.spec.ts" time="0">
<skipped>
</skipped>
</testcase>
<testcase name="Core Feature Workflows › Applicant Management › bulk operations" classname="02-core-features.spec.ts" time="0">
<skipped>
</skipped>
</testcase>
<testcase name="Core Feature Workflows › Project Management › create and edit project with all details" classname="02-core-features.spec.ts" time="0">
<skipped>
</skipped>
</testcase>
<testcase name="Core Feature Workflows › Project Management › project visibility and publishing" classname="02-core-features.spec.ts" time="0">
<skipped>
</skipped>
</testcase>
<testcase name="Core Feature Workflows › Application Process › complete application workflow" classname="02-core-features.spec.ts" time="0">
<skipped>
</skipped>
</testcase>
<testcase name="Core Feature Workflows › File Management › upload and download documents" classname="02-core-features.spec.ts" time="0">
<skipped>
</skipped>
</testcase>
<testcase name="Core Feature Workflows › File Management › file encryption verification" classname="02-core-features.spec.ts" time="0">
<skipped>
</skipped>
</testcase>
<testcase name="Core Feature Workflows › Communication Features › email notifications workflow" classname="02-core-features.spec.ts" time="0">
<skipped>
</skipped>
</testcase>
<testcase name="Core Feature Workflows › Communication Features › in-app notifications" classname="02-core-features.spec.ts" time="0">
<skipped>
</skipped>
</testcase>
</testsuite>
<testsuite name="03-security-features.spec.ts" timestamp="2025-06-30T19:50:57.388Z" hostname="Mobile Safari" tests="15" failures="0" skipped="15" time="0" errors="0">
<testcase name="Security Feature Validation › Rate Limiting › login attempts rate limiting" classname="03-security-features.spec.ts" time="0">
<skipped>
</skipped>
</testcase>
<testcase name="Security Feature Validation › Rate Limiting › API endpoint rate limiting" classname="03-security-features.spec.ts" time="0">
<skipped>
</skipped>
</testcase>
<testcase name="Security Feature Validation › PII Encryption › verify PII data is encrypted in transit" classname="03-security-features.spec.ts" time="0">
<skipped>
</skipped>
</testcase>
<testcase name="Security Feature Validation › PII Encryption › verify PII is masked in UI" classname="03-security-features.spec.ts" time="0">
<skipped>
</skipped>
</testcase>
<testcase name="Security Feature Validation › Role-Based Access Control › verify role restrictions are enforced" classname="03-security-features.spec.ts" time="0">
<skipped>
</skipped>
</testcase>
<testcase name="Security Feature Validation › Role-Based Access Control › verify API endpoint authorization" classname="03-security-features.spec.ts" time="0">
<skipped>
</skipped>
</testcase>
<testcase name="Security Feature Validation › CORS Configuration › verify CORS headers are properly set" classname="03-security-features.spec.ts" time="0">
<skipped>
</skipped>
</testcase>
<testcase name="Security Feature Validation › CORS Configuration › verify CORS blocks unauthorized origins" classname="03-security-features.spec.ts" time="0">
<skipped>
</skipped>
</testcase>
<testcase name="Security Feature Validation › Session Management › verify session timeout works correctly" classname="03-security-features.spec.ts" time="0">
<skipped>
</skipped>
</testcase>
<testcase name="Security Feature Validation › Session Management › verify concurrent session handling" classname="03-security-features.spec.ts" time="0">
<skipped>
</skipped>
</testcase>
<testcase name="Security Feature Validation › Input Validation &amp; Sanitization › verify XSS protection" classname="03-security-features.spec.ts" time="0">
<skipped>
</skipped>
</testcase>
<testcase name="Security Feature Validation › Input Validation &amp; Sanitization › verify SQL injection protection" classname="03-security-features.spec.ts" time="0">
<skipped>
</skipped>
</testcase>
<testcase name="Security Feature Validation › File Security › verify malicious file upload protection" classname="03-security-features.spec.ts" time="0">
<skipped>
</skipped>
</testcase>
<testcase name="Security Feature Validation › File Security › verify file size limits" classname="03-security-features.spec.ts" time="0">
<skipped>
</skipped>
</testcase>
<testcase name="Security Feature Validation › Audit Logging › verify sensitive actions are logged" classname="03-security-features.spec.ts" time="0">
<skipped>
</skipped>
</testcase>
</testsuite>
<testsuite name="04-ui-ux-components.spec.ts" timestamp="2025-06-30T19:50:57.388Z" hostname="Mobile Safari" tests="23" failures="0" skipped="23" time="0" errors="0">
<testcase name="UI/UX Component Testing › Responsive Design › responsive layout on Mobile Portrait" classname="04-ui-ux-components.spec.ts" time="0">
<skipped>
</skipped>
</testcase>
<testcase name="UI/UX Component Testing › Responsive Design › responsive layout on Mobile Landscape" classname="04-ui-ux-components.spec.ts" time="0">
<skipped>
</skipped>
</testcase>
<testcase name="UI/UX Component Testing › Responsive Design › responsive layout on Tablet Portrait" classname="04-ui-ux-components.spec.ts" time="0">
<skipped>
</skipped>
</testcase>
<testcase name="UI/UX Component Testing › Responsive Design › responsive layout on Tablet Landscape" classname="04-ui-ux-components.spec.ts" time="0">
<skipped>
</skipped>
</testcase>
<testcase name="UI/UX Component Testing › Responsive Design › responsive layout on Desktop" classname="04-ui-ux-components.spec.ts" time="0">
<skipped>
</skipped>
</testcase>
<testcase name="UI/UX Component Testing › Responsive Design › responsive layout on Wide Screen" classname="04-ui-ux-components.spec.ts" time="0">
<skipped>
</skipped>
</testcase>
<testcase name="UI/UX Component Testing › Responsive Design › responsive images and media" classname="04-ui-ux-components.spec.ts" time="0">
<skipped>
</skipped>
</testcase>
<testcase name="UI/UX Component Testing › Accessibility Features › keyboard navigation" classname="04-ui-ux-components.spec.ts" time="0">
<skipped>
</skipped>
</testcase>
<testcase name="UI/UX Component Testing › Accessibility Features › screen reader compatibility" classname="04-ui-ux-components.spec.ts" time="0">
<skipped>
</skipped>
</testcase>
<testcase name="UI/UX Component Testing › Accessibility Features › color contrast compliance" classname="04-ui-ux-components.spec.ts" time="0">
<skipped>
</skipped>
</testcase>
<testcase name="UI/UX Component Testing › Accessibility Features › focus management in modals" classname="04-ui-ux-components.spec.ts" time="0">
<skipped>
</skipped>
</testcase>
<testcase name="UI/UX Component Testing › Loading States and Skeleton Components › skeleton loaders during data fetch" classname="04-ui-ux-components.spec.ts" time="0">
<skipped>
</skipped>
</testcase>
<testcase name="UI/UX Component Testing › Loading States and Skeleton Components › loading spinners for actions" classname="04-ui-ux-components.spec.ts" time="0">
<skipped>
</skipped>
</testcase>
<testcase name="UI/UX Component Testing › Loading States and Skeleton Components › optimistic UI updates" classname="04-ui-ux-components.spec.ts" time="0">
<skipped>
</skipped>
</testcase>
<testcase name="UI/UX Component Testing › Error Handling and User Feedback › form validation feedback" classname="04-ui-ux-components.spec.ts" time="0">
<skipped>
</skipped>
</testcase>
<testcase name="UI/UX Component Testing › Error Handling and User Feedback › network error handling" classname="04-ui-ux-components.spec.ts" time="0">
<skipped>
</skipped>
</testcase>
<testcase name="UI/UX Component Testing › Error Handling and User Feedback › toast notifications" classname="04-ui-ux-components.spec.ts" time="0">
<skipped>
</skipped>
</testcase>
<testcase name="UI/UX Component Testing › Interactive Components › dropdown menus" classname="04-ui-ux-components.spec.ts" time="0">
<skipped>
</skipped>
</testcase>
<testcase name="UI/UX Component Testing › Interactive Components › date pickers" classname="04-ui-ux-components.spec.ts" time="0">
<skipped>
</skipped>
</testcase>
<testcase name="UI/UX Component Testing › Interactive Components › autocomplete/search suggestions" classname="04-ui-ux-components.spec.ts" time="0">
<skipped>
</skipped>
</testcase>
<testcase name="UI/UX Component Testing › Interactive Components › tabs and tab panels" classname="04-ui-ux-components.spec.ts" time="0">
<skipped>
</skipped>
</testcase>
<testcase name="UI/UX Component Testing › Real Device Testing › touch interactions on mobile" classname="04-ui-ux-components.spec.ts" time="0">
<skipped>
</skipped>
</testcase>
<testcase name="UI/UX Component Testing › Real Device Testing › device orientation changes" classname="04-ui-ux-components.spec.ts" time="0">
<skipped>
</skipped>
</testcase>
</testsuite>
<testsuite name="05-integration-performance.spec.ts" timestamp="2025-06-30T19:50:57.388Z" hostname="Mobile Safari" tests="15" failures="0" skipped="15" time="0" errors="0">
<testcase name="Integration &amp; Performance Testing › Supabase Integration › database operations performance" classname="05-integration-performance.spec.ts" time="0">
<skipped>
</skipped>
</testcase>
<testcase name="Integration &amp; Performance Testing › Supabase Integration › real-time subscriptions" classname="05-integration-performance.spec.ts" time="0">
<skipped>
</skipped>
</testcase>
<testcase name="Integration &amp; Performance Testing › Supabase Integration › file storage integration" classname="05-integration-performance.spec.ts" time="0">
<skipped>
</skipped>
</testcase>
<testcase name="Integration &amp; Performance Testing › SendGrid Email Integration › email delivery tracking" classname="05-integration-performance.spec.ts" time="0">
<skipped>
</skipped>
</testcase>
<testcase name="Integration &amp; Performance Testing › SendGrid Email Integration › email template processing" classname="05-integration-performance.spec.ts" time="0">
<skipped>
</skipped>
</testcase>
<testcase name="Integration &amp; Performance Testing › Mapbox Integration › map rendering performance" classname="05-integration-performance.spec.ts" time="0">
<skipped>
</skipped>
</testcase>
<testcase name="Integration &amp; Performance Testing › Mapbox Integration › project location clustering" classname="05-integration-performance.spec.ts" time="0">
<skipped>
</skipped>
</testcase>
<testcase name="Integration &amp; Performance Testing › Performance Benchmarks › page load performance metrics" classname="05-integration-performance.spec.ts" time="0">
<skipped>
</skipped>
</testcase>
<testcase name="Integration &amp; Performance Testing › Performance Benchmarks › concurrent user load testing" classname="05-integration-performance.spec.ts" time="0">
<skipped>
</skipped>
</testcase>
<testcase name="Integration &amp; Performance Testing › Performance Benchmarks › API endpoint performance" classname="05-integration-performance.spec.ts" time="0">
<skipped>
</skipped>
</testcase>
<testcase name="Integration &amp; Performance Testing › Performance Benchmarks › memory usage monitoring" classname="05-integration-performance.spec.ts" time="0">
<skipped>
</skipped>
</testcase>
<testcase name="Integration &amp; Performance Testing › File Upload/Download Performance › large file handling" classname="05-integration-performance.spec.ts" time="0">
<skipped>
</skipped>
</testcase>
<testcase name="Integration &amp; Performance Testing › File Upload/Download Performance › concurrent file operations" classname="05-integration-performance.spec.ts" time="0">
<skipped>
</skipped>
</testcase>
<testcase name="Integration &amp; Performance Testing › Database Query Performance › complex query performance" classname="05-integration-performance.spec.ts" time="0">
<skipped>
</skipped>
</testcase>
<testcase name="Integration &amp; Performance Testing › Database Query Performance › data export performance" classname="05-integration-performance.spec.ts" time="0">
<skipped>
</skipped>
</testcase>
</testsuite>
<testsuite name="debug-helper.spec.ts" timestamp="2025-06-30T19:50:57.388Z" hostname="Mobile Safari" tests="3" failures="0" skipped="3" time="0" errors="0">
<testcase name="Debug Helper - Check Environment › verify servers are running" classname="debug-helper.spec.ts" time="0">
<skipped>
</skipped>
</testcase>
<testcase name="Debug Helper - Check Environment › check login page elements" classname="debug-helper.spec.ts" time="0">
<skipped>
</skipped>
</testcase>
<testcase name="Debug Helper - Check Environment › check actual login flow" classname="debug-helper.spec.ts" time="0">
<skipped>
</skipped>
</testcase>
</testsuite>
</testsuites>